2025-10-24 17:14:49,099 - main - INFO - Loaded 15 symbols: ['HINDZINC', 'MANKIND', 'INDUSTOWER', 'DEEPINDS', 'FMGOETZE', 'DBCORP', 'TALBROAUTO', 'JAGSNPHARM', 'SHREEJI', 'RAJOOENG', 'MONARCH', 'RESPONIND', 'BLS', 'EIHAHOTELS', 'SAKSOFT']
2025-10-24 17:14:49,101 - main - INFO - Initializing Mismatched Energy System...
2025-10-24 17:14:49,307 - data.fyers_client - INFO - Fyers API connection established
2025-10-24 17:14:57,370 - news.news_scraper - INFO - Loaded 15 symbols
2025-10-24 17:14:57,997 - news.news_scraper - INFO - Loaded 15 symbols with ML embeddings
2025-10-24 17:14:57,997 - news.news_scraper - INFO - ML relevance model initialized with dynamic symbols
2025-10-24 17:15:01,681 - nlp.sentiment_analyzer - INFO - NLP models initialized successfully
2025-10-24 17:15:01,681 - main - INFO - All components initialized successfully
2025-10-24 17:15:01,681 - main - INFO - Running live trading mode
2025-10-24 17:15:01,681 - main - INFO - Starting live trading for symbols: ['HINDZINC', 'MANKIND', 'INDUSTOWER', 'DEEPINDS', 'FMGOETZE', 'DBCORP', 'TALBROAUTO', 'JAGSNPHARM', 'SHREEJI', 'RAJOOENG', 'MONARCH', 'RESPONIND', 'BLS', 'EIHAHOTELS', 'SAKSOFT']
2025-10-24 17:15:01,694 - trading.live_executor - INFO - Starting live trading for 15 symbols: ['HINDZINC', 'MANKIND', 'INDUSTOWER', 'DEEPINDS', 'FMGOETZE', 'DBCORP', 'TALBROAUTO', 'JAGSNPHARM', 'SHREEJI', 'RAJOOENG', 'MONARCH', 'RESPONIND', 'BLS', 'EIHAHOTELS', 'SAKSOFT']
2025-10-24 17:15:01,912 - websocket - INFO - Websocket connected
2025-10-24 17:15:03,720 - data.fyers_client - INFO - Fyers websocket connection opened.
2025-10-24 17:15:03,741 - data.fyers_client - INFO - Attempting to connect to Fyers websocket...
2025-10-24 17:15:03,748 - data.fyers_client - INFO - Fyers websocket connected.
2025-10-24 17:15:03,749 - main - INFO - Received signal 2, shutting down...
2025-10-24 17:15:03,751 - main - INFO - Shutting down Mismatched Energy System...
2025-10-24 17:15:03,751 - trading.live_executor - INFO - Stopping live trading
2025-10-24 17:15:03,752 - main - INFO - Shutting down Mismatched Energy System...
2025-10-24 17:15:03,874 - main - INFO - System shutdown complete
2025-10-24 18:21:29,012 - main - INFO - Loaded 15 symbols: ['HINDZINC', 'MANKIND', 'INDUSTOWER', 'DEEPINDS', 'FMGOETZE', 'DBCORP', 'TALBROAUTO', 'JAGSNPHARM', 'SHREEJI', 'RAJOOENG', 'MONARCH', 'RESPONIND', 'BLS', 'EIHAHOTELS', 'SAKSOFT']
2025-10-24 18:21:29,013 - main - INFO - Initializing Mismatched Energy System...
2025-10-24 18:21:29,661 - data.fyers_client - INFO - Fyers API connection established
2025-10-24 18:21:34,417 - main - INFO - Received signal 2, shutting down...
2025-10-24 18:21:34,417 - main - INFO - Shutting down Mismatched Energy System...
2025-10-24 18:21:34,417 - main - INFO - Shutting down Mismatched Energy System...
2025-10-24 18:21:34,418 - main - INFO - System shutdown complete
2025-10-24 18:21:34,681 - main - INFO - System shutdown complete
