{"level":"ERROR","location":"[get_call:146] fyersModel","message":{"API":"/history","Error":{"code":-50,"data":{"range_from":"range_from cannot be greater than current date"},"message":"Invalid input","s":"error"}},"timestamp":"2025-06-09 17:46:53,560+0530","service":"FyersAPI"}
{"level":"ERROR","location":"[get_call:146] fyersModel","message":{"API":"/history","Error":{"code":-16,"message":"Could not authenticate the user","s":"error"}},"timestamp":"2025-06-10 06:58:22,022+0530","service":"FyersAPI"}
{"level":"ERROR","location":"[get_call:164] fyersModel","message":{"API":"/history","error":"HTTPSConnectionPool(host='api-t1.fyers.in', port=443): Max retries exceeded with url: /data/history?symbol=NSE%3AIOB-EQ&resolution=1&date_format=1&range_from=2025-06-09&range_to=2025-06-10&cont_flag=1 (Caused by NameResolutionError(\"<urllib3.connection.HTTPSConnection object at 0x0000019A61CE3D90>: Failed to resolve 'api-t1.fyers.in' ([Errno 11001] getaddrinfo failed)\"))"},"timestamp":"2025-06-10 21:09:17,637+0530","service":"FyersAPI"}
{"level":"ERROR","location":"[get_call:146] fyersModel","message":{"API":"/history","Error":{"code":-16,"message":"Could not authenticate the user","s":"error"}},"timestamp":"2025-06-11 08:32:56,829+0530","service":"FyersAPI"}
{"level":"ERROR","location":"[get_call:146] fyersModel","message":{"API":"/history","Error":{"code":-16,"message":"Could not authenticate the user","s":"error"}},"timestamp":"2025-06-12 08:03:19,249+0530","service":"FyersAPI"}
{"level":"ERROR","location":"[get_call:146] fyersModel","message":{"API":"/history","Error":{"code":-16,"message":"Could not authenticate the user","s":"error"}},"timestamp":"2025-06-13 09:11:56,837+0530","service":"FyersAPI"}
{"level":"ERROR","location":"[delete_async_call:418] fyersModel","message":{"Api":"/positions","Response":{"code":-429,"message":"Request limit reached, refresh after few mins","s":"error"}},"timestamp":"2025-06-15 17:03:15,316+0530","service":"FyersAPI"}
{"level":"ERROR","location":"[post_async_call:310] fyersModel","message":{"Api":"/orders/sync","Response":{"code":-429,"message":"Request limit reached, refresh after few mins","s":"error"}},"timestamp":"2025-06-15 17:03:15,388+0530","service":"FyersAPI"}
{"level":"ERROR","location":"[delete_async_call:418] fyersModel","message":{"Api":"/positions","Response":{"code":-429,"message":"Request limit reached, refresh after few mins","s":"error"}},"timestamp":"2025-06-15 17:03:16,312+0530","service":"FyersAPI"}
{"level":"ERROR","location":"[post_async_call:310] fyersModel","message":{"Api":"/orders/sync","Response":{"code":-429,"message":"Request limit reached, refresh after few mins","s":"error"}},"timestamp":"2025-06-15 17:03:17,251+0530","service":"FyersAPI"}
{"level":"ERROR","location":"[post_async_call:310] fyersModel","message":{"Api":"/orders/sync","Response":{"code":-429,"message":"Request limit reached, refresh after few mins","s":"error"}},"timestamp":"2025-06-15 17:03:17,325+0530","service":"FyersAPI"}
{"level":"ERROR","location":"[delete_async_call:418] fyersModel","message":{"Api":"/positions","Response":{"code":-429,"message":"Request limit reached, refresh after few mins","s":"error"}},"timestamp":"2025-06-15 17:03:17,374+0530","service":"FyersAPI"}
{"level":"ERROR","location":"[delete_async_call:418] fyersModel","message":{"Api":"/positions","Response":{"code":-429,"message":"Request limit reached, refresh after few mins","s":"error"}},"timestamp":"2025-06-15 17:03:18,287+0530","service":"FyersAPI"}
{"level":"ERROR","location":"[post_async_call:310] fyersModel","message":{"Api":"/orders/sync","Response":{"code":-429,"message":"Request limit reached, refresh after few mins","s":"error"}},"timestamp":"2025-06-15 17:03:18,418+0530","service":"FyersAPI"}
{"level":"ERROR","location":"[delete_async_call:418] fyersModel","message":{"Api":"/positions","Response":{"code":-429,"message":"Request limit reached, refresh after few mins","s":"error"}},"timestamp":"2025-06-15 17:03:18,436+0530","service":"FyersAPI"}
{"level":"ERROR","location":"[delete_async_call:418] fyersModel","message":{"Api":"/positions","Response":{"code":-429,"message":"Request limit reached, refresh after few mins","s":"error"}},"timestamp":"2025-06-15 17:03:19,331+0530","service":"FyersAPI"}
{"level":"ERROR","location":"[post_async_call:310] fyersModel","message":{"Api":"/orders/sync","Response":{"code":-429,"message":"Request limit reached, refresh after few mins","s":"error"}},"timestamp":"2025-06-15 17:03:19,479+0530","service":"FyersAPI"}
{"level":"ERROR","location":"[delete_async_call:418] fyersModel","message":{"Api":"/positions","Response":{"code":-429,"message":"Request limit reached, refresh after few mins","s":"error"}},"timestamp":"2025-06-15 17:03:19,491+0530","service":"FyersAPI"}
{"level":"ERROR","location":"[delete_async_call:418] fyersModel","message":{"Api":"/positions","Response":{"code":-429,"message":"Request limit reached, refresh after few mins","s":"error"}},"timestamp":"2025-06-15 17:03:20,443+0530","service":"FyersAPI"}
{"level":"ERROR","location":"[delete_async_call:418] fyersModel","message":{"Api":"/positions","Response":{"code":-429,"message":"Request limit reached, refresh after few mins","s":"error"}},"timestamp":"2025-06-15 17:03:20,560+0530","service":"FyersAPI"}
{"level":"ERROR","location":"[post_async_call:310] fyersModel","message":{"Api":"/orders/sync","Response":{"code":-429,"message":"Request limit reached, refresh after few mins","s":"error"}},"timestamp":"2025-06-15 17:03:20,583+0530","service":"FyersAPI"}
{"level":"ERROR","location":"[delete_async_call:418] fyersModel","message":{"Api":"/positions","Response":{"code":-429,"message":"Request limit reached, refresh after few mins","s":"error"}},"timestamp":"2025-06-15 17:03:21,568+0530","service":"FyersAPI"}
{"level":"ERROR","location":"[delete_async_call:418] fyersModel","message":{"Api":"/positions","Response":{"code":-429,"message":"Request limit reached, refresh after few mins","s":"error"}},"timestamp":"2025-06-15 17:03:21,632+0530","service":"FyersAPI"}
{"level":"ERROR","location":"[post_async_call:310] fyersModel","message":{"Api":"/orders/sync","Response":{"code":-429,"message":"Request limit reached, refresh after few mins","s":"error"}},"timestamp":"2025-06-15 17:03:21,696+0530","service":"FyersAPI"}
{"level":"ERROR","location":"[post_async_call:310] fyersModel","message":{"Api":"/orders/sync","Response":{"code":-429,"message":"Request limit reached, refresh after few mins","s":"error"}},"timestamp":"2025-06-15 17:03:22,646+0530","service":"FyersAPI"}
{"level":"ERROR","location":"[post_async_call:310] fyersModel","message":{"Api":"/orders/sync","Response":{"code":-429,"message":"Request limit reached, refresh after few mins","s":"error"}},"timestamp":"2025-06-15 17:03:22,669+0530","service":"FyersAPI"}
{"level":"ERROR","location":"[post_async_call:310] fyersModel","message":{"Api":"/orders/sync","Response":{"code":-429,"message":"Request limit reached, refresh after few mins","s":"error"}},"timestamp":"2025-06-15 17:03:23,581+0530","service":"FyersAPI"}
{"level":"ERROR","location":"[delete_async_call:418] fyersModel","message":{"Api":"/positions","Response":{"code":-429,"message":"Request limit reached, refresh after few mins","s":"error"}},"timestamp":"2025-06-15 17:03:23,696+0530","service":"FyersAPI"}
{"level":"ERROR","location":"[delete_async_call:418] fyersModel","message":{"Api":"/positions","Response":{"code":-429,"message":"Request limit reached, refresh after few mins","s":"error"}},"timestamp":"2025-06-15 17:03:23,705+0530","service":"FyersAPI"}
{"level":"ERROR","location":"[delete_async_call:418] fyersModel","message":{"Api":"/positions","Response":{"code":-429,"message":"Request limit reached, refresh after few mins","s":"error"}},"timestamp":"2025-06-15 17:03:24,649+0530","service":"FyersAPI"}
{"level":"ERROR","location":"[post_async_call:310] fyersModel","message":{"Api":"/orders/sync","Response":{"code":-429,"message":"Request limit reached, refresh after few mins","s":"error"}},"timestamp":"2025-06-15 17:03:24,741+0530","service":"FyersAPI"}
{"level":"ERROR","location":"[post_async_call:310] fyersModel","message":{"Api":"/orders/sync","Response":{"code":-429,"message":"Request limit reached, refresh after few mins","s":"error"}},"timestamp":"2025-06-15 17:03:24,769+0530","service":"FyersAPI"}
{"level":"ERROR","location":"[post_async_call:310] fyersModel","message":{"Api":"/orders/sync","Response":{"code":-429,"message":"Request limit reached, refresh after few mins","s":"error"}},"timestamp":"2025-06-15 17:03:25,721+0530","service":"FyersAPI"}
{"level":"ERROR","location":"[delete_async_call:418] fyersModel","message":{"Api":"/positions","Response":{"code":-429,"message":"Request limit reached, refresh after few mins","s":"error"}},"timestamp":"2025-06-15 17:03:25,763+0530","service":"FyersAPI"}
{"level":"ERROR","location":"[delete_async_call:418] fyersModel","message":{"Api":"/positions","Response":{"code":-429,"message":"Request limit reached, refresh after few mins","s":"error"}},"timestamp":"2025-06-15 17:03:25,836+0530","service":"FyersAPI"}
{"level":"ERROR","location":"[post_async_call:310] fyersModel","message":{"Api":"/orders/sync","Response":{"code":-429,"message":"Request limit reached, refresh after few mins","s":"error"}},"timestamp":"2025-06-15 17:03:25,886+0530","service":"FyersAPI"}
{"level":"ERROR","location":"[post_async_call:310] fyersModel","message":{"Api":"/orders/sync","Response":{"code":-429,"message":"Request limit reached, refresh after few mins","s":"error"}},"timestamp":"2025-06-15 17:03:26,771+0530","service":"FyersAPI"}
{"level":"ERROR","location":"[delete_async_call:418] fyersModel","message":{"Api":"/positions","Response":{"code":-429,"message":"Request limit reached, refresh after few mins","s":"error"}},"timestamp":"2025-06-15 17:03:26,898+0530","service":"FyersAPI"}
{"level":"ERROR","location":"[post_async_call:310] fyersModel","message":{"Api":"/orders/sync","Response":{"code":-429,"message":"Request limit reached, refresh after few mins","s":"error"}},"timestamp":"2025-06-15 17:03:26,901+0530","service":"FyersAPI"}
{"level":"ERROR","location":"[post_async_call:310] fyersModel","message":{"Api":"/orders/sync","Response":{"code":-429,"message":"Request limit reached, refresh after few mins","s":"error"}},"timestamp":"2025-06-15 17:03:27,845+0530","service":"FyersAPI"}
{"level":"ERROR","location":"[post_async_call:310] fyersModel","message":{"Api":"/orders/sync","Response":{"code":-429,"message":"Request limit reached, refresh after few mins","s":"error"}},"timestamp":"2025-06-15 17:03:27,926+0530","service":"FyersAPI"}
{"level":"ERROR","location":"[delete_async_call:418] fyersModel","message":{"Api":"/positions","Response":{"code":-429,"message":"Request limit reached, refresh after few mins","s":"error"}},"timestamp":"2025-06-15 17:03:27,978+0530","service":"FyersAPI"}
{"level":"ERROR","location":"[delete_async_call:418] fyersModel","message":{"Api":"/positions","Response":{"code":-429,"message":"Request limit reached, refresh after few mins","s":"error"}},"timestamp":"2025-06-15 17:03:28,970+0530","service":"FyersAPI"}
{"level":"ERROR","location":"[get_call:146] fyersModel","message":{"API":"/history","Error":{"code":-16,"message":"Could not authenticate the user","s":"error"}},"timestamp":"2025-06-17 09:02:53,495+0530","service":"FyersAPI"}
{"level":"ERROR","location":"[get_call:146] fyersModel","message":{"API":"/history","Error":{"code":-16,"message":"Could not authenticate the user","s":"error"}},"timestamp":"2025-06-17 09:05:13,040+0530","service":"FyersAPI"}
{"level":"ERROR","location":"[get_call:146] fyersModel","message":{"API":"/history","Error":{"code":-16,"message":"Could not authenticate the user","s":"error"}},"timestamp":"2025-06-17 09:05:23,442+0530","service":"FyersAPI"}
{"level":"ERROR","location":"[get_call:146] fyersModel","message":{"API":"/history","Error":{"code":-16,"message":"Could not authenticate the user","s":"error"}},"timestamp":"2025-06-18 08:37:39,087+0530","service":"FyersAPI"}
{"level":"ERROR","location":"[get_call:146] fyersModel","message":{"API":"/history","Error":{"code":-16,"message":"Could not authenticate the user","s":"error"}},"timestamp":"2025-06-19 09:42:08,854+0530","service":"FyersAPI"}
{"level":"ERROR","location":"[get_call:146] fyersModel","message":{"API":"/history","Error":{"code":-16,"message":"Could not authenticate the user","s":"error"}},"timestamp":"2025-06-19 09:42:10,915+0530","service":"FyersAPI"}
{"level":"ERROR","location":"[get_call:146] fyersModel","message":{"API":"/history","Error":{"code":-16,"message":"Could not authenticate the user","s":"error"}},"timestamp":"2025-06-19 09:43:36,498+0530","service":"FyersAPI"}
{"level":"ERROR","location":"[get_call:146] fyersModel","message":{"API":"/history","Error":{"code":-16,"message":"Could not authenticate the user","s":"error"}},"timestamp":"2025-06-19 09:43:45,237+0530","service":"FyersAPI"}
{"level":"ERROR","location":"[get_call:146] fyersModel","message":{"API":"/history","Error":{"code":-16,"message":"Could not authenticate the user","s":"error"}},"timestamp":"2025-06-19 09:44:00,823+0530","service":"FyersAPI"}
{"level":"ERROR","location":"[get_call:146] fyersModel","message":{"API":"/history","Error":{"code":-16,"message":"Could not authenticate the user","s":"error"}},"timestamp":"2025-06-19 09:44:05,008+0530","service":"FyersAPI"}
{"level":"ERROR","location":"[get_call:146] fyersModel","message":{"API":"/history","Error":{"code":-16,"message":"Could not authenticate the user","s":"error"}},"timestamp":"2025-06-19 09:44:09,632+0530","service":"FyersAPI"}
{"level":"ERROR","location":"[get_call:146] fyersModel","message":{"API":"/history","Error":{"code":-16,"message":"Could not authenticate the user","s":"error"}},"timestamp":"2025-06-20 07:53:55,032+0530","service":"FyersAPI"}
{"level":"ERROR","location":"[get_call:146] fyersModel","message":{"API":"/history","Error":{"code":-16,"message":"Could not authenticate the user","s":"error"}},"timestamp":"2025-06-21 17:04:26,528+0530","service":"FyersAPI"}
{"level":"ERROR","location":"[get_call:146] fyersModel","message":{"API":"/history","Error":{"code":-16,"message":"Could not authenticate the user","s":"error"}},"timestamp":"2025-06-23 07:20:29,180+0530","service":"FyersAPI"}
{"level":"ERROR","location":"[get_call:146] fyersModel","message":{"API":"/history","Error":{"code":-16,"message":"Could not authenticate the user","s":"error"}},"timestamp":"2025-06-23 07:20:40,642+0530","service":"FyersAPI"}
{"level":"ERROR","location":"[get_call:146] fyersModel","message":{"API":"/history","Error":{"code":-16,"message":"Could not authenticate the user","s":"error"}},"timestamp":"2025-06-23 07:21:04,592+0530","service":"FyersAPI"}
{"level":"ERROR","location":"[get_call:146] fyersModel","message":{"API":"/history","Error":{"code":-300,"message":"Invalid symbol provided","s":"error"}},"timestamp":"2025-06-23 07:40:56,043+0530","service":"FyersAPI"}
{"level":"ERROR","location":"[get_call:146] fyersModel","message":{"API":"/history","Error":{"code":-300,"message":"Invalid symbol provided","s":"error"}},"timestamp":"2025-06-23 07:40:59,598+0530","service":"FyersAPI"}
{"level":"ERROR","location":"[get_call:146] fyersModel","message":{"API":"/history","Error":{"code":-300,"message":"Invalid symbol provided","s":"error"}},"timestamp":"2025-06-23 07:41:04,312+0530","service":"FyersAPI"}
{"level":"ERROR","location":"[get_call:146] fyersModel","message":{"API":"/history","Error":{"code":-300,"message":"Invalid symbol provided","s":"error"}},"timestamp":"2025-06-23 07:41:06,326+0530","service":"FyersAPI"}
{"level":"ERROR","location":"[get_call:146] fyersModel","message":{"API":"/history","Error":{"code":-300,"message":"Invalid symbol provided","s":"error"}},"timestamp":"2025-06-23 07:41:21,210+0530","service":"FyersAPI"}
{"level":"ERROR","location":"[get_call:146] fyersModel","message":{"API":"/history","Error":{"code":-300,"message":"Invalid symbol provided","s":"error"}},"timestamp":"2025-06-23 07:41:49,692+0530","service":"FyersAPI"}
{"level":"ERROR","location":"[get_call:164] fyersModel","message":{"API":"/history","error":"('Connection aborted.', ConnectionResetError(10054, 'An existing connection was forcibly closed by the remote host', None, 10054, None))"},"timestamp":"2025-06-23 09:53:06,721+0530","service":"FyersAPI"}
{"level":"ERROR","location":"[get_call:146] fyersModel","message":{"API":"/history","Error":{"code":-300,"message":"Invalid symbol provided","s":"error"}},"timestamp":"2025-06-23 11:02:28,713+0530","service":"FyersAPI"}
{"level":"ERROR","location":"[get_call:146] fyersModel","message":{"API":"/history","Error":{"code":-300,"message":"Invalid symbol provided","s":"error"}},"timestamp":"2025-06-23 11:02:31,231+0530","service":"FyersAPI"}
{"level":"ERROR","location":"[get_call:146] fyersModel","message":{"API":"/history","Error":{"code":-300,"message":"Invalid symbol provided","s":"error"}},"timestamp":"2025-06-23 11:02:35,248+0530","service":"FyersAPI"}
{"level":"ERROR","location":"[get_call:146] fyersModel","message":{"API":"/history","Error":{"code":-16,"message":"Could not authenticate the user","s":"error"}},"timestamp":"2025-06-24 08:33:11,856+0530","service":"FyersAPI"}
{"level":"ERROR","location":"[get_call:146] fyersModel","message":{"API":"/history","Error":{"code":-300,"message":"Invalid symbol provided","s":"error"}},"timestamp":"2025-06-24 17:13:31,118+0530","service":"FyersAPI"}
{"level":"ERROR","location":"[get_call:146] fyersModel","message":{"API":"/history","Error":{"code":-300,"message":"Invalid symbol provided","s":"error"}},"timestamp":"2025-06-24 17:13:33,378+0530","service":"FyersAPI"}
{"level":"ERROR","location":"[get_call:146] fyersModel","message":{"API":"/history","Error":{"code":-300,"message":"Invalid symbol provided","s":"error"}},"timestamp":"2025-06-24 17:13:35,417+0530","service":"FyersAPI"}
{"level":"ERROR","location":"[get_call:146] fyersModel","message":{"API":"/history","Error":{"code":-16,"message":"Could not authenticate the user","s":"error"}},"timestamp":"2025-06-25 08:14:56,666+0530","service":"FyersAPI"}
{"level":"ERROR","location":"[get_call:146] fyersModel","message":{"API":"/history","Error":{"code":-50,"data":{"range_to":"range_to cannot be 100 days greater than range_from for resolutions 1, 2, 3, 5, 10, 15, 20, 30, 45, 60, 120, 180 and 240"},"message":"Invalid input","s":"error"}},"timestamp":"2025-06-25 20:28:39,608+0530","service":"FyersAPI"}
{"level":"ERROR","location":"[get_call:146] fyersModel","message":{"API":"/history","Error":{"code":-50,"data":{"range_to":"range_to cannot be 100 days greater than range_from for resolutions 1, 2, 3, 5, 10, 15, 20, 30, 45, 60, 120, 180 and 240"},"message":"Invalid input","s":"error"}},"timestamp":"2025-06-25 20:28:42,621+0530","service":"FyersAPI"}
{"level":"ERROR","location":"[get_call:146] fyersModel","message":{"API":"/history","Error":{"code":-50,"data":{"range_to":"range_to cannot be 100 days greater than range_from for resolutions 1, 2, 3, 5, 10, 15, 20, 30, 45, 60, 120, 180 and 240"},"message":"Invalid input","s":"error"}},"timestamp":"2025-06-25 20:28:44,618+0530","service":"FyersAPI"}
{"level":"ERROR","location":"[get_call:146] fyersModel","message":{"API":"/history","Error":{"code":-50,"data":{"range_to":"range_to cannot be 100 days greater than range_from for resolutions 1, 2, 3, 5, 10, 15, 20, 30, 45, 60, 120, 180 and 240"},"message":"Invalid input","s":"error"}},"timestamp":"2025-06-25 20:28:54,550+0530","service":"FyersAPI"}
{"level":"ERROR","location":"[get_call:146] fyersModel","message":{"API":"/history","Error":{"code":-50,"data":{"range_to":"range_to cannot be 100 days greater than range_from for resolutions 1, 2, 3, 5, 10, 15, 20, 30, 45, 60, 120, 180 and 240"},"message":"Invalid input","s":"error"}},"timestamp":"2025-06-25 20:29:28,451+0530","service":"FyersAPI"}
{"level":"ERROR","location":"[get_call:146] fyersModel","message":{"API":"/history","Error":{"code":-50,"data":{"range_to":"range_to cannot be 100 days greater than range_from for resolutions 1, 2, 3, 5, 10, 15, 20, 30, 45, 60, 120, 180 and 240"},"message":"Invalid input","s":"error"}},"timestamp":"2025-06-25 20:29:30,259+0530","service":"FyersAPI"}
{"level":"ERROR","location":"[get_call:146] fyersModel","message":{"API":"/history","Error":{"code":-50,"data":{"range_to":"range_to cannot be 100 days greater than range_from for resolutions 1, 2, 3, 5, 10, 15, 20, 30, 45, 60, 120, 180 and 240"},"message":"Invalid input","s":"error"}},"timestamp":"2025-06-25 20:31:28,783+0530","service":"FyersAPI"}
{"level":"ERROR","location":"[get_call:146] fyersModel","message":{"API":"/history","Error":{"code":-300,"message":"Invalid symbol provided","s":"error"}},"timestamp":"2025-06-26 13:43:26,496+0530","service":"FyersAPI"}
{"level":"ERROR","location":"[get_call:146] fyersModel","message":{"API":"/history","Error":{"code":-300,"message":"Invalid symbol provided","s":"error"}},"timestamp":"2025-06-26 13:43:30,264+0530","service":"FyersAPI"}
{"level":"ERROR","location":"[get_call:146] fyersModel","message":{"API":"/history","Error":{"code":-300,"message":"Invalid symbol provided","s":"error"}},"timestamp":"2025-06-26 13:43:38,164+0530","service":"FyersAPI"}
{"level":"ERROR","location":"[get_call:146] fyersModel","message":{"API":"/history","Error":{"code":-300,"message":"Invalid symbol provided","s":"error"}},"timestamp":"2025-06-26 13:43:40,931+0530","service":"FyersAPI"}
{"level":"ERROR","location":"[get_call:146] fyersModel","message":{"API":"/history","Error":{"code":-300,"message":"Invalid symbol provided","s":"error"}},"timestamp":"2025-06-26 13:43:42,912+0530","service":"FyersAPI"}
{"level":"ERROR","location":"[get_call:146] fyersModel","message":{"API":"/history","Error":{"code":-300,"message":"Invalid symbol provided","s":"error"}},"timestamp":"2025-06-26 22:23:25,329+0530","service":"FyersAPI"}
{"level":"ERROR","location":"[get_call:146] fyersModel","message":{"API":"/history","Error":{"code":-300,"message":"Invalid symbol provided","s":"error"}},"timestamp":"2025-06-26 22:23:30,397+0530","service":"FyersAPI"}
{"level":"ERROR","location":"[get_call:146] fyersModel","message":{"API":"/history","Error":{"code":-300,"message":"Invalid symbol provided","s":"error"}},"timestamp":"2025-06-26 22:24:01,377+0530","service":"FyersAPI"}
{"level":"ERROR","location":"[get_call:146] fyersModel","message":{"API":"/history","Error":{"code":-300,"message":"Invalid symbol provided","s":"error"}},"timestamp":"2025-06-26 22:24:04,488+0530","service":"FyersAPI"}
{"level":"ERROR","location":"[get_call:146] fyersModel","message":{"API":"/history","Error":{"code":-300,"message":"Invalid symbol provided","s":"error"}},"timestamp":"2025-06-26 22:24:06,574+0530","service":"FyersAPI"}
{"level":"ERROR","location":"[get_call:146] fyersModel","message":{"API":"/history","Error":{"code":-300,"message":"Invalid symbol provided","s":"error"}},"timestamp":"2025-06-26 22:24:08,596+0530","service":"FyersAPI"}
{"level":"ERROR","location":"[get_call:146] fyersModel","message":{"API":"/history","Error":{"code":-16,"message":"Could not authenticate the user","s":"error"}},"timestamp":"2025-06-27 08:43:55,573+0530","service":"FyersAPI"}
{"level":"ERROR","location":"[get_call:146] fyersModel","message":{"API":"/history","Error":{"code":-16,"message":"Could not authenticate the user","s":"error"}},"timestamp":"2025-06-27 08:44:03,778+0530","service":"FyersAPI"}
{"level":"ERROR","location":"[post_async_call:310] fyersModel","message":{"Api":"/orders/sync","Response":{"code":-429,"message":"Request limit reached, refresh after few mins","s":"error"}},"timestamp":"2025-06-27 09:33:39,822+0530","service":"FyersAPI"}
{"level":"ERROR","location":"[post_async_call:310] fyersModel","message":{"Api":"/orders/sync","Response":{"code":-429,"message":"Request limit reached, refresh after few mins","s":"error"}},"timestamp":"2025-06-27 09:33:40,039+0530","service":"FyersAPI"}
{"level":"ERROR","location":"[post_async_call:310] fyersModel","message":{"Api":"/orders/sync","Response":{"code":-429,"message":"Request limit reached, refresh after few mins","s":"error"}},"timestamp":"2025-06-27 09:33:40,261+0530","service":"FyersAPI"}
{"level":"ERROR","location":"[post_async_call:310] fyersModel","message":{"Api":"/orders/sync","Response":{"code":-429,"message":"Request limit reached, refresh after few mins","s":"error"}},"timestamp":"2025-06-27 09:33:40,474+0530","service":"FyersAPI"}
{"level":"ERROR","location":"[post_async_call:310] fyersModel","message":{"Api":"/orders/sync","Response":{"code":-429,"message":"Request limit reached, refresh after few mins","s":"error"}},"timestamp":"2025-06-27 09:33:40,726+0530","service":"FyersAPI"}
{"level":"ERROR","location":"[post_async_call:310] fyersModel","message":{"Api":"/orders/sync","Response":{"code":-429,"message":"Request limit reached, refresh after few mins","s":"error"}},"timestamp":"2025-06-27 09:33:40,948+0530","service":"FyersAPI"}
{"level":"ERROR","location":"[post_async_call:310] fyersModel","message":{"Api":"/orders/sync","Response":{"code":-429,"message":"Request limit reached, refresh after few mins","s":"error"}},"timestamp":"2025-06-27 09:33:41,161+0530","service":"FyersAPI"}
{"level":"ERROR","location":"[post_async_call:310] fyersModel","message":{"Api":"/orders/sync","Response":{"code":-429,"message":"Request limit reached, refresh after few mins","s":"error"}},"timestamp":"2025-06-27 09:33:41,417+0530","service":"FyersAPI"}
{"level":"ERROR","location":"[post_async_call:310] fyersModel","message":{"Api":"/orders/sync","Response":{"code":-429,"message":"Request limit reached, refresh after few mins","s":"error"}},"timestamp":"2025-06-27 09:33:41,636+0530","service":"FyersAPI"}
{"level":"ERROR","location":"[post_async_call:310] fyersModel","message":{"Api":"/orders/sync","Response":{"code":-429,"message":"Request limit reached, refresh after few mins","s":"error"}},"timestamp":"2025-06-27 09:33:41,838+0530","service":"FyersAPI"}
{"level":"ERROR","location":"[delete_async_call:418] fyersModel","message":{"Api":"/positions","Response":{"code":-429,"message":"Request limit reached, refresh after few mins","s":"error"}},"timestamp":"2025-06-27 15:05:45,980+0530","service":"FyersAPI"}
{"level":"ERROR","location":"[delete_async_call:418] fyersModel","message":{"Api":"/positions","Response":{"code":-429,"message":"Request limit reached, refresh after few mins","s":"error"}},"timestamp":"2025-06-27 15:05:46,106+0530","service":"FyersAPI"}
{"level":"ERROR","location":"[delete_async_call:418] fyersModel","message":{"Api":"/positions","Response":{"code":-429,"message":"Request limit reached, refresh after few mins","s":"error"}},"timestamp":"2025-06-27 15:05:46,210+0530","service":"FyersAPI"}
{"level":"ERROR","location":"[delete_async_call:418] fyersModel","message":{"Api":"/positions","Response":{"code":-429,"message":"Request limit reached, refresh after few mins","s":"error"}},"timestamp":"2025-06-27 15:05:46,312+0530","service":"FyersAPI"}
{"level":"ERROR","location":"[delete_async_call:418] fyersModel","message":{"Api":"/positions","Response":{"code":-429,"message":"Request limit reached, refresh after few mins","s":"error"}},"timestamp":"2025-06-27 15:05:46,450+0530","service":"FyersAPI"}
{"level":"ERROR","location":"[delete_async_call:418] fyersModel","message":{"Api":"/positions","Response":{"code":-429,"message":"Request limit reached, refresh after few mins","s":"error"}},"timestamp":"2025-06-27 15:05:46,551+0530","service":"FyersAPI"}
{"level":"ERROR","location":"[delete_async_call:418] fyersModel","message":{"Api":"/positions","Response":{"code":-429,"message":"Request limit reached, refresh after few mins","s":"error"}},"timestamp":"2025-06-27 15:05:46,694+0530","service":"FyersAPI"}
{"level":"ERROR","location":"[delete_async_call:418] fyersModel","message":{"Api":"/positions","Response":{"code":-429,"message":"Request limit reached, refresh after few mins","s":"error"}},"timestamp":"2025-06-27 15:05:46,747+0530","service":"FyersAPI"}
{"level":"ERROR","location":"[delete_async_call:418] fyersModel","message":{"Api":"/positions","Response":{"code":-429,"message":"Request limit reached, refresh after few mins","s":"error"}},"timestamp":"2025-06-27 15:05:46,907+0530","service":"FyersAPI"}
{"level":"ERROR","location":"[delete_async_call:418] fyersModel","message":{"Api":"/positions","Response":{"code":-429,"message":"Request limit reached, refresh after few mins","s":"error"}},"timestamp":"2025-06-27 15:05:46,951+0530","service":"FyersAPI"}
{"level":"ERROR","location":"[delete_async_call:418] fyersModel","message":{"Api":"/positions","Response":{"code":-429,"message":"Request limit reached, refresh after few mins","s":"error"}},"timestamp":"2025-06-27 15:05:47,132+0530","service":"FyersAPI"}
{"level":"ERROR","location":"[delete_async_call:418] fyersModel","message":{"Api":"/positions","Response":{"code":-429,"message":"Request limit reached, refresh after few mins","s":"error"}},"timestamp":"2025-06-27 15:05:47,178+0530","service":"FyersAPI"}
{"level":"ERROR","location":"[delete_async_call:418] fyersModel","message":{"Api":"/positions","Response":{"code":-429,"message":"Request limit reached, refresh after few mins","s":"error"}},"timestamp":"2025-06-27 15:05:47,362+0530","service":"FyersAPI"}
{"level":"ERROR","location":"[delete_async_call:418] fyersModel","message":{"Api":"/positions","Response":{"code":-429,"message":"Request limit reached, refresh after few mins","s":"error"}},"timestamp":"2025-06-27 15:05:47,369+0530","service":"FyersAPI"}
{"level":"ERROR","location":"[delete_async_call:418] fyersModel","message":{"Api":"/positions","Response":{"code":-429,"message":"Request limit reached, refresh after few mins","s":"error"}},"timestamp":"2025-06-27 15:05:47,585+0530","service":"FyersAPI"}
{"level":"ERROR","location":"[delete_async_call:418] fyersModel","message":{"Api":"/positions","Response":{"code":-429,"message":"Request limit reached, refresh after few mins","s":"error"}},"timestamp":"2025-06-27 15:05:47,602+0530","service":"FyersAPI"}
{"level":"ERROR","location":"[delete_async_call:418] fyersModel","message":{"Api":"/positions","Response":{"code":-429,"message":"Request limit reached, refresh after few mins","s":"error"}},"timestamp":"2025-06-27 15:05:47,817+0530","service":"FyersAPI"}
{"level":"ERROR","location":"[delete_async_call:418] fyersModel","message":{"Api":"/positions","Response":{"code":-429,"message":"Request limit reached, refresh after few mins","s":"error"}},"timestamp":"2025-06-27 15:05:47,831+0530","service":"FyersAPI"}
{"level":"ERROR","location":"[delete_async_call:418] fyersModel","message":{"Api":"/positions","Response":{"code":-429,"message":"Request limit reached, refresh after few mins","s":"error"}},"timestamp":"2025-06-27 15:05:48,034+0530","service":"FyersAPI"}
{"level":"ERROR","location":"[delete_async_call:418] fyersModel","message":{"Api":"/positions","Response":{"code":-429,"message":"Request limit reached, refresh after few mins","s":"error"}},"timestamp":"2025-06-27 15:05:48,065+0530","service":"FyersAPI"}
{"level":"ERROR","location":"[delete_async_call:418] fyersModel","message":{"Api":"/positions","Response":{"code":-429,"message":"Request limit reached, refresh after few mins","s":"error"}},"timestamp":"2025-06-27 15:05:48,244+0530","service":"FyersAPI"}
{"level":"ERROR","location":"[delete_async_call:418] fyersModel","message":{"Api":"/positions","Response":{"code":-429,"message":"Request limit reached, refresh after few mins","s":"error"}},"timestamp":"2025-06-27 15:05:48,268+0530","service":"FyersAPI"}
{"level":"ERROR","location":"[delete_async_call:418] fyersModel","message":{"Api":"/positions","Response":{"code":-429,"message":"Request limit reached, refresh after few mins","s":"error"}},"timestamp":"2025-06-27 15:05:48,464+0530","service":"FyersAPI"}
{"level":"ERROR","location":"[delete_async_call:418] fyersModel","message":{"Api":"/positions","Response":{"code":-429,"message":"Request limit reached, refresh after few mins","s":"error"}},"timestamp":"2025-06-27 15:05:48,504+0530","service":"FyersAPI"}
{"level":"ERROR","location":"[delete_async_call:418] fyersModel","message":{"Api":"/positions","Response":{"code":-429,"message":"Request limit reached, refresh after few mins","s":"error"}},"timestamp":"2025-06-27 15:05:48,682+0530","service":"FyersAPI"}
{"level":"ERROR","location":"[delete_async_call:418] fyersModel","message":{"Api":"/positions","Response":{"code":-429,"message":"Request limit reached, refresh after few mins","s":"error"}},"timestamp":"2025-06-27 15:05:48,722+0530","service":"FyersAPI"}
{"level":"ERROR","location":"[delete_async_call:418] fyersModel","message":{"Api":"/positions","Response":{"code":-429,"message":"Request limit reached, refresh after few mins","s":"error"}},"timestamp":"2025-06-27 15:05:48,886+0530","service":"FyersAPI"}
{"level":"ERROR","location":"[delete_async_call:418] fyersModel","message":{"Api":"/positions","Response":{"code":-429,"message":"Request limit reached, refresh after few mins","s":"error"}},"timestamp":"2025-06-27 15:05:48,934+0530","service":"FyersAPI"}
{"level":"ERROR","location":"[delete_async_call:418] fyersModel","message":{"Api":"/positions","Response":{"code":-429,"message":"Request limit reached, refresh after few mins","s":"error"}},"timestamp":"2025-06-27 15:05:49,091+0530","service":"FyersAPI"}
{"level":"ERROR","location":"[delete_async_call:418] fyersModel","message":{"Api":"/positions","Response":{"code":-429,"message":"Request limit reached, refresh after few mins","s":"error"}},"timestamp":"2025-06-27 15:05:49,188+0530","service":"FyersAPI"}
{"level":"ERROR","location":"[delete_async_call:418] fyersModel","message":{"Api":"/positions","Response":{"code":-429,"message":"Request limit reached, refresh after few mins","s":"error"}},"timestamp":"2025-06-27 15:05:49,312+0530","service":"FyersAPI"}
{"level":"ERROR","location":"[delete_async_call:418] fyersModel","message":{"Api":"/positions","Response":{"code":-429,"message":"Request limit reached, refresh after few mins","s":"error"}},"timestamp":"2025-06-27 15:05:49,406+0530","service":"FyersAPI"}
{"level":"ERROR","location":"[delete_async_call:418] fyersModel","message":{"Api":"/positions","Response":{"code":-429,"message":"Request limit reached, refresh after few mins","s":"error"}},"timestamp":"2025-06-27 15:05:49,506+0530","service":"FyersAPI"}
{"level":"ERROR","location":"[delete_async_call:418] fyersModel","message":{"Api":"/positions","Response":{"code":-429,"message":"Request limit reached, refresh after few mins","s":"error"}},"timestamp":"2025-06-27 15:05:49,613+0530","service":"FyersAPI"}
{"level":"ERROR","location":"[delete_async_call:418] fyersModel","message":{"Api":"/positions","Response":{"code":-429,"message":"Request limit reached, refresh after few mins","s":"error"}},"timestamp":"2025-06-27 15:05:49,730+0530","service":"FyersAPI"}
{"level":"ERROR","location":"[delete_async_call:418] fyersModel","message":{"Api":"/positions","Response":{"code":-429,"message":"Request limit reached, refresh after few mins","s":"error"}},"timestamp":"2025-06-27 15:05:49,849+0530","service":"FyersAPI"}
{"level":"ERROR","location":"[delete_async_call:418] fyersModel","message":{"Api":"/positions","Response":{"code":-429,"message":"Request limit reached, refresh after few mins","s":"error"}},"timestamp":"2025-06-27 15:05:49,942+0530","service":"FyersAPI"}
{"level":"ERROR","location":"[delete_async_call:418] fyersModel","message":{"Api":"/positions","Response":{"code":-429,"message":"Request limit reached, refresh after few mins","s":"error"}},"timestamp":"2025-06-27 15:05:50,047+0530","service":"FyersAPI"}
{"level":"ERROR","location":"[delete_async_call:418] fyersModel","message":{"Api":"/positions","Response":{"code":-429,"message":"Request limit reached, refresh after few mins","s":"error"}},"timestamp":"2025-06-27 15:05:50,164+0530","service":"FyersAPI"}
{"level":"ERROR","location":"[delete_async_call:418] fyersModel","message":{"Api":"/positions","Response":{"code":-429,"message":"Request limit reached, refresh after few mins","s":"error"}},"timestamp":"2025-06-27 15:05:50,278+0530","service":"FyersAPI"}
{"level":"ERROR","location":"[delete_async_call:418] fyersModel","message":{"Api":"/positions","Response":{"code":-429,"message":"Request limit reached, refresh after few mins","s":"error"}},"timestamp":"2025-06-27 15:05:50,416+0530","service":"FyersAPI"}
{"level":"ERROR","location":"[delete_async_call:418] fyersModel","message":{"Api":"/positions","Response":{"code":-429,"message":"Request limit reached, refresh after few mins","s":"error"}},"timestamp":"2025-06-27 15:05:50,500+0530","service":"FyersAPI"}
{"level":"ERROR","location":"[delete_async_call:418] fyersModel","message":{"Api":"/positions","Response":{"code":-429,"message":"Request limit reached, refresh after few mins","s":"error"}},"timestamp":"2025-06-27 15:05:50,601+0530","service":"FyersAPI"}
{"level":"ERROR","location":"[delete_async_call:418] fyersModel","message":{"Api":"/positions","Response":{"code":-429,"message":"Request limit reached, refresh after few mins","s":"error"}},"timestamp":"2025-06-27 15:05:50,710+0530","service":"FyersAPI"}
{"level":"ERROR","location":"[delete_async_call:418] fyersModel","message":{"Api":"/positions","Response":{"code":-429,"message":"Request limit reached, refresh after few mins","s":"error"}},"timestamp":"2025-06-27 15:05:50,831+0530","service":"FyersAPI"}
{"level":"ERROR","location":"[delete_async_call:418] fyersModel","message":{"Api":"/positions","Response":{"code":-429,"message":"Request limit reached, refresh after few mins","s":"error"}},"timestamp":"2025-06-27 15:05:50,937+0530","service":"FyersAPI"}
{"level":"ERROR","location":"[delete_async_call:418] fyersModel","message":{"Api":"/positions","Response":{"code":-429,"message":"Request limit reached, refresh after few mins","s":"error"}},"timestamp":"2025-06-27 15:05:51,073+0530","service":"FyersAPI"}
{"level":"ERROR","location":"[delete_async_call:418] fyersModel","message":{"Api":"/positions","Response":{"code":-429,"message":"Request limit reached, refresh after few mins","s":"error"}},"timestamp":"2025-06-27 15:05:51,172+0530","service":"FyersAPI"}
{"level":"ERROR","location":"[delete_async_call:418] fyersModel","message":{"Api":"/positions","Response":{"code":-429,"message":"Request limit reached, refresh after few mins","s":"error"}},"timestamp":"2025-06-27 15:05:51,288+0530","service":"FyersAPI"}
{"level":"ERROR","location":"[delete_async_call:418] fyersModel","message":{"Api":"/positions","Response":{"code":-429,"message":"Request limit reached, refresh after few mins","s":"error"}},"timestamp":"2025-06-27 15:05:51,411+0530","service":"FyersAPI"}
{"level":"ERROR","location":"[delete_async_call:418] fyersModel","message":{"Api":"/positions","Response":{"code":-429,"message":"Request limit reached, refresh after few mins","s":"error"}},"timestamp":"2025-06-27 15:05:51,508+0530","service":"FyersAPI"}
{"level":"ERROR","location":"[delete_async_call:418] fyersModel","message":{"Api":"/positions","Response":{"code":-429,"message":"Request limit reached, refresh after few mins","s":"error"}},"timestamp":"2025-06-27 15:05:51,650+0530","service":"FyersAPI"}
{"level":"ERROR","location":"[delete_async_call:418] fyersModel","message":{"Api":"/positions","Response":{"code":-429,"message":"Request limit reached, refresh after few mins","s":"error"}},"timestamp":"2025-06-27 15:05:51,736+0530","service":"FyersAPI"}
{"level":"ERROR","location":"[delete_async_call:418] fyersModel","message":{"Api":"/positions","Response":{"code":-429,"message":"Request limit reached, refresh after few mins","s":"error"}},"timestamp":"2025-06-27 15:05:51,867+0530","service":"FyersAPI"}
{"level":"ERROR","location":"[delete_async_call:418] fyersModel","message":{"Api":"/positions","Response":{"code":-429,"message":"Request limit reached, refresh after few mins","s":"error"}},"timestamp":"2025-06-27 15:05:51,950+0530","service":"FyersAPI"}
{"level":"ERROR","location":"[delete_async_call:418] fyersModel","message":{"Api":"/positions","Response":{"code":-429,"message":"Request limit reached, refresh after few mins","s":"error"}},"timestamp":"2025-06-27 15:05:52,057+0530","service":"FyersAPI"}
{"level":"ERROR","location":"[delete_async_call:418] fyersModel","message":{"Api":"/positions","Response":{"code":-429,"message":"Request limit reached, refresh after few mins","s":"error"}},"timestamp":"2025-06-27 15:05:52,172+0530","service":"FyersAPI"}
{"level":"ERROR","location":"[delete_async_call:418] fyersModel","message":{"Api":"/positions","Response":{"code":-429,"message":"Request limit reached, refresh after few mins","s":"error"}},"timestamp":"2025-06-27 15:05:52,294+0530","service":"FyersAPI"}
{"level":"ERROR","location":"[delete_async_call:418] fyersModel","message":{"Api":"/positions","Response":{"code":-429,"message":"Request limit reached, refresh after few mins","s":"error"}},"timestamp":"2025-06-27 15:05:52,420+0530","service":"FyersAPI"}
{"level":"ERROR","location":"[delete_async_call:418] fyersModel","message":{"Api":"/positions","Response":{"code":-429,"message":"Request limit reached, refresh after few mins","s":"error"}},"timestamp":"2025-06-27 15:05:52,530+0530","service":"FyersAPI"}
{"level":"ERROR","location":"[delete_async_call:418] fyersModel","message":{"Api":"/positions","Response":{"code":-429,"message":"Request limit reached, refresh after few mins","s":"error"}},"timestamp":"2025-06-27 15:05:52,656+0530","service":"FyersAPI"}
{"level":"ERROR","location":"[delete_async_call:418] fyersModel","message":{"Api":"/positions","Response":{"code":-429,"message":"Request limit reached, refresh after few mins","s":"error"}},"timestamp":"2025-06-27 15:05:52,751+0530","service":"FyersAPI"}
{"level":"ERROR","location":"[delete_async_call:418] fyersModel","message":{"Api":"/positions","Response":{"code":-429,"message":"Request limit reached, refresh after few mins","s":"error"}},"timestamp":"2025-06-27 15:05:52,864+0530","service":"FyersAPI"}
{"level":"ERROR","location":"[delete_async_call:418] fyersModel","message":{"Api":"/positions","Response":{"code":-429,"message":"Request limit reached, refresh after few mins","s":"error"}},"timestamp":"2025-06-27 15:05:52,975+0530","service":"FyersAPI"}
{"level":"ERROR","location":"[delete_async_call:418] fyersModel","message":{"Api":"/positions","Response":{"code":-429,"message":"Request limit reached, refresh after few mins","s":"error"}},"timestamp":"2025-06-27 15:05:53,075+0530","service":"FyersAPI"}
{"level":"ERROR","location":"[delete_async_call:418] fyersModel","message":{"Api":"/positions","Response":{"code":-429,"message":"Request limit reached, refresh after few mins","s":"error"}},"timestamp":"2025-06-27 15:05:53,208+0530","service":"FyersAPI"}
{"level":"ERROR","location":"[delete_async_call:418] fyersModel","message":{"Api":"/positions","Response":{"code":-429,"message":"Request limit reached, refresh after few mins","s":"error"}},"timestamp":"2025-06-27 15:05:53,318+0530","service":"FyersAPI"}
{"level":"ERROR","location":"[delete_async_call:418] fyersModel","message":{"Api":"/positions","Response":{"code":-429,"message":"Request limit reached, refresh after few mins","s":"error"}},"timestamp":"2025-06-27 15:05:53,431+0530","service":"FyersAPI"}
{"level":"ERROR","location":"[delete_async_call:418] fyersModel","message":{"Api":"/positions","Response":{"code":-429,"message":"Request limit reached, refresh after few mins","s":"error"}},"timestamp":"2025-06-27 15:05:53,570+0530","service":"FyersAPI"}
{"level":"ERROR","location":"[delete_async_call:418] fyersModel","message":{"Api":"/positions","Response":{"code":-429,"message":"Request limit reached, refresh after few mins","s":"error"}},"timestamp":"2025-06-27 15:05:53,655+0530","service":"FyersAPI"}
{"level":"ERROR","location":"[delete_async_call:418] fyersModel","message":{"Api":"/positions","Response":{"code":-429,"message":"Request limit reached, refresh after few mins","s":"error"}},"timestamp":"2025-06-27 15:05:53,765+0530","service":"FyersAPI"}
{"level":"ERROR","location":"[delete_async_call:418] fyersModel","message":{"Api":"/positions","Response":{"code":-429,"message":"Request limit reached, refresh after few mins","s":"error"}},"timestamp":"2025-06-27 15:05:53,889+0530","service":"FyersAPI"}
{"level":"ERROR","location":"[delete_async_call:418] fyersModel","message":{"Api":"/positions","Response":{"code":-429,"message":"Request limit reached, refresh after few mins","s":"error"}},"timestamp":"2025-06-27 15:05:53,998+0530","service":"FyersAPI"}
{"level":"ERROR","location":"[delete_async_call:418] fyersModel","message":{"Api":"/positions","Response":{"code":-429,"message":"Request limit reached, refresh after few mins","s":"error"}},"timestamp":"2025-06-27 15:05:54,114+0530","service":"FyersAPI"}
{"level":"ERROR","location":"[delete_async_call:418] fyersModel","message":{"Api":"/positions","Response":{"code":-429,"message":"Request limit reached, refresh after few mins","s":"error"}},"timestamp":"2025-06-27 15:05:54,209+0530","service":"FyersAPI"}
{"level":"ERROR","location":"[delete_async_call:418] fyersModel","message":{"Api":"/positions","Response":{"code":-429,"message":"Request limit reached, refresh after few mins","s":"error"}},"timestamp":"2025-06-27 15:05:54,332+0530","service":"FyersAPI"}
{"level":"ERROR","location":"[delete_async_call:418] fyersModel","message":{"Api":"/positions","Response":{"code":-429,"message":"Request limit reached, refresh after few mins","s":"error"}},"timestamp":"2025-06-27 15:05:54,426+0530","service":"FyersAPI"}
{"level":"ERROR","location":"[delete_async_call:418] fyersModel","message":{"Api":"/positions","Response":{"code":-429,"message":"Request limit reached, refresh after few mins","s":"error"}},"timestamp":"2025-06-27 15:05:54,556+0530","service":"FyersAPI"}
{"level":"ERROR","location":"[delete_async_call:418] fyersModel","message":{"Api":"/positions","Response":{"code":-429,"message":"Request limit reached, refresh after few mins","s":"error"}},"timestamp":"2025-06-27 15:05:54,655+0530","service":"FyersAPI"}
{"level":"ERROR","location":"[delete_async_call:418] fyersModel","message":{"Api":"/positions","Response":{"code":-429,"message":"Request limit reached, refresh after few mins","s":"error"}},"timestamp":"2025-06-27 15:05:54,761+0530","service":"FyersAPI"}
{"level":"ERROR","location":"[delete_async_call:418] fyersModel","message":{"Api":"/positions","Response":{"code":-429,"message":"Request limit reached, refresh after few mins","s":"error"}},"timestamp":"2025-06-27 15:05:54,880+0530","service":"FyersAPI"}
{"level":"ERROR","location":"[delete_async_call:418] fyersModel","message":{"Api":"/positions","Response":{"code":-429,"message":"Request limit reached, refresh after few mins","s":"error"}},"timestamp":"2025-06-27 15:05:54,954+0530","service":"FyersAPI"}
{"level":"ERROR","location":"[delete_async_call:418] fyersModel","message":{"Api":"/positions","Response":{"code":-429,"message":"Request limit reached, refresh after few mins","s":"error"}},"timestamp":"2025-06-27 15:05:55,086+0530","service":"FyersAPI"}
{"level":"ERROR","location":"[delete_async_call:418] fyersModel","message":{"Api":"/positions","Response":{"code":-429,"message":"Request limit reached, refresh after few mins","s":"error"}},"timestamp":"2025-06-27 15:05:55,182+0530","service":"FyersAPI"}
{"level":"ERROR","location":"[delete_async_call:418] fyersModel","message":{"Api":"/positions","Response":{"code":-429,"message":"Request limit reached, refresh after few mins","s":"error"}},"timestamp":"2025-06-27 15:05:55,289+0530","service":"FyersAPI"}
{"level":"ERROR","location":"[delete_async_call:418] fyersModel","message":{"Api":"/positions","Response":{"code":-429,"message":"Request limit reached, refresh after few mins","s":"error"}},"timestamp":"2025-06-27 15:05:55,391+0530","service":"FyersAPI"}
{"level":"ERROR","location":"[delete_async_call:418] fyersModel","message":{"Api":"/positions","Response":{"code":-429,"message":"Request limit reached, refresh after few mins","s":"error"}},"timestamp":"2025-06-27 15:05:55,525+0530","service":"FyersAPI"}
{"level":"ERROR","location":"[delete_async_call:418] fyersModel","message":{"Api":"/positions","Response":{"code":-429,"message":"Request limit reached, refresh after few mins","s":"error"}},"timestamp":"2025-06-27 15:05:55,606+0530","service":"FyersAPI"}
{"level":"ERROR","location":"[delete_async_call:418] fyersModel","message":{"Api":"/positions","Response":{"code":-429,"message":"Request limit reached, refresh after few mins","s":"error"}},"timestamp":"2025-06-27 15:05:55,750+0530","service":"FyersAPI"}
{"level":"ERROR","location":"[delete_async_call:418] fyersModel","message":{"Api":"/positions","Response":{"code":-429,"message":"Request limit reached, refresh after few mins","s":"error"}},"timestamp":"2025-06-27 15:05:55,828+0530","service":"FyersAPI"}
{"level":"ERROR","location":"[delete_async_call:418] fyersModel","message":{"Api":"/positions","Response":{"code":-429,"message":"Request limit reached, refresh after few mins","s":"error"}},"timestamp":"2025-06-27 15:05:55,956+0530","service":"FyersAPI"}
{"level":"ERROR","location":"[delete_async_call:418] fyersModel","message":{"Api":"/positions","Response":{"code":-429,"message":"Request limit reached, refresh after few mins","s":"error"}},"timestamp":"2025-06-27 15:05:56,033+0530","service":"FyersAPI"}
{"level":"ERROR","location":"[delete_async_call:418] fyersModel","message":{"Api":"/positions","Response":{"code":-429,"message":"Request limit reached, refresh after few mins","s":"error"}},"timestamp":"2025-06-27 15:05:56,167+0530","service":"FyersAPI"}
{"level":"ERROR","location":"[delete_async_call:418] fyersModel","message":{"Api":"/positions","Response":{"code":-429,"message":"Request limit reached, refresh after few mins","s":"error"}},"timestamp":"2025-06-27 15:05:56,251+0530","service":"FyersAPI"}
{"level":"ERROR","location":"[delete_async_call:418] fyersModel","message":{"Api":"/positions","Response":{"code":-429,"message":"Request limit reached, refresh after few mins","s":"error"}},"timestamp":"2025-06-27 15:05:56,362+0530","service":"FyersAPI"}
{"level":"ERROR","location":"[delete_async_call:418] fyersModel","message":{"Api":"/positions","Response":{"code":-429,"message":"Request limit reached, refresh after few mins","s":"error"}},"timestamp":"2025-06-27 15:05:56,485+0530","service":"FyersAPI"}
{"level":"ERROR","location":"[delete_async_call:418] fyersModel","message":{"Api":"/positions","Response":{"code":-429,"message":"Request limit reached, refresh after few mins","s":"error"}},"timestamp":"2025-06-27 15:05:56,610+0530","service":"FyersAPI"}
{"level":"ERROR","location":"[delete_async_call:418] fyersModel","message":{"Api":"/positions","Response":{"code":-429,"message":"Request limit reached, refresh after few mins","s":"error"}},"timestamp":"2025-06-27 15:05:56,706+0530","service":"FyersAPI"}
{"level":"ERROR","location":"[delete_async_call:418] fyersModel","message":{"Api":"/positions","Response":{"code":-429,"message":"Request limit reached, refresh after few mins","s":"error"}},"timestamp":"2025-06-27 15:05:56,809+0530","service":"FyersAPI"}
{"level":"ERROR","location":"[delete_async_call:418] fyersModel","message":{"Api":"/positions","Response":{"code":-429,"message":"Request limit reached, refresh after few mins","s":"error"}},"timestamp":"2025-06-27 15:05:56,931+0530","service":"FyersAPI"}
{"level":"ERROR","location":"[delete_async_call:418] fyersModel","message":{"Api":"/positions","Response":{"code":-429,"message":"Request limit reached, refresh after few mins","s":"error"}},"timestamp":"2025-06-27 15:05:57,032+0530","service":"FyersAPI"}
{"level":"ERROR","location":"[delete_async_call:418] fyersModel","message":{"Api":"/positions","Response":{"code":-429,"message":"Request limit reached, refresh after few mins","s":"error"}},"timestamp":"2025-06-27 15:05:57,143+0530","service":"FyersAPI"}
{"level":"ERROR","location":"[delete_async_call:418] fyersModel","message":{"Api":"/positions","Response":{"code":-429,"message":"Request limit reached, refresh after few mins","s":"error"}},"timestamp":"2025-06-27 15:05:57,273+0530","service":"FyersAPI"}
{"level":"ERROR","location":"[delete_async_call:418] fyersModel","message":{"Api":"/positions","Response":{"code":-429,"message":"Request limit reached, refresh after few mins","s":"error"}},"timestamp":"2025-06-27 15:05:57,349+0530","service":"FyersAPI"}
{"level":"ERROR","location":"[delete_async_call:418] fyersModel","message":{"Api":"/positions","Response":{"code":-429,"message":"Request limit reached, refresh after few mins","s":"error"}},"timestamp":"2025-06-27 15:05:57,486+0530","service":"FyersAPI"}
{"level":"ERROR","location":"[delete_async_call:418] fyersModel","message":{"Api":"/positions","Response":{"code":-429,"message":"Request limit reached, refresh after few mins","s":"error"}},"timestamp":"2025-06-27 15:05:57,557+0530","service":"FyersAPI"}
{"level":"ERROR","location":"[delete_async_call:418] fyersModel","message":{"Api":"/positions","Response":{"code":-429,"message":"Request limit reached, refresh after few mins","s":"error"}},"timestamp":"2025-06-27 15:05:57,725+0530","service":"FyersAPI"}
{"level":"ERROR","location":"[delete_async_call:418] fyersModel","message":{"Api":"/positions","Response":{"code":-429,"message":"Request limit reached, refresh after few mins","s":"error"}},"timestamp":"2025-06-27 15:05:57,775+0530","service":"FyersAPI"}
{"level":"ERROR","location":"[delete_async_call:418] fyersModel","message":{"Api":"/positions","Response":{"code":-429,"message":"Request limit reached, refresh after few mins","s":"error"}},"timestamp":"2025-06-27 15:05:57,951+0530","service":"FyersAPI"}
{"level":"ERROR","location":"[delete_async_call:418] fyersModel","message":{"Api":"/positions","Response":{"code":-429,"message":"Request limit reached, refresh after few mins","s":"error"}},"timestamp":"2025-06-27 15:05:57,986+0530","service":"FyersAPI"}
{"level":"ERROR","location":"[delete_async_call:418] fyersModel","message":{"Api":"/positions","Response":{"code":-429,"message":"Request limit reached, refresh after few mins","s":"error"}},"timestamp":"2025-06-27 15:05:58,185+0530","service":"FyersAPI"}
{"level":"ERROR","location":"[delete_async_call:418] fyersModel","message":{"Api":"/positions","Response":{"code":-429,"message":"Request limit reached, refresh after few mins","s":"error"}},"timestamp":"2025-06-27 15:05:58,191+0530","service":"FyersAPI"}
{"level":"ERROR","location":"[delete_async_call:418] fyersModel","message":{"Api":"/positions","Response":{"code":-429,"message":"Request limit reached, refresh after few mins","s":"error"}},"timestamp":"2025-06-27 15:05:58,438+0530","service":"FyersAPI"}
{"level":"ERROR","location":"[delete_async_call:418] fyersModel","message":{"Api":"/positions","Response":{"code":-429,"message":"Request limit reached, refresh after few mins","s":"error"}},"timestamp":"2025-06-27 15:05:58,443+0530","service":"FyersAPI"}
{"level":"ERROR","location":"[delete_async_call:418] fyersModel","message":{"Api":"/positions","Response":{"code":-429,"message":"Request limit reached, refresh after few mins","s":"error"}},"timestamp":"2025-06-27 15:05:58,664+0530","service":"FyersAPI"}
{"level":"ERROR","location":"[delete_async_call:418] fyersModel","message":{"Api":"/positions","Response":{"code":-429,"message":"Request limit reached, refresh after few mins","s":"error"}},"timestamp":"2025-06-27 15:05:58,683+0530","service":"FyersAPI"}
{"level":"ERROR","location":"[delete_async_call:418] fyersModel","message":{"Api":"/positions","Response":{"code":-429,"message":"Request limit reached, refresh after few mins","s":"error"}},"timestamp":"2025-06-27 15:05:58,886+0530","service":"FyersAPI"}
{"level":"ERROR","location":"[delete_async_call:418] fyersModel","message":{"Api":"/positions","Response":{"code":-429,"message":"Request limit reached, refresh after few mins","s":"error"}},"timestamp":"2025-06-27 15:05:58,898+0530","service":"FyersAPI"}
{"level":"ERROR","location":"[delete_async_call:418] fyersModel","message":{"Api":"/positions","Response":{"code":-429,"message":"Request limit reached, refresh after few mins","s":"error"}},"timestamp":"2025-06-27 15:05:59,100+0530","service":"FyersAPI"}
{"level":"ERROR","location":"[delete_async_call:418] fyersModel","message":{"Api":"/positions","Response":{"code":-429,"message":"Request limit reached, refresh after few mins","s":"error"}},"timestamp":"2025-06-27 15:05:59,108+0530","service":"FyersAPI"}
{"level":"ERROR","location":"[delete_async_call:418] fyersModel","message":{"Api":"/positions","Response":{"code":-429,"message":"Request limit reached, refresh after few mins","s":"error"}},"timestamp":"2025-06-27 15:05:59,319+0530","service":"FyersAPI"}
{"level":"ERROR","location":"[delete_async_call:418] fyersModel","message":{"Api":"/positions","Response":{"code":-429,"message":"Request limit reached, refresh after few mins","s":"error"}},"timestamp":"2025-06-27 15:05:59,328+0530","service":"FyersAPI"}
{"level":"ERROR","location":"[delete_async_call:418] fyersModel","message":{"Api":"/positions","Response":{"code":-429,"message":"Request limit reached, refresh after few mins","s":"error"}},"timestamp":"2025-06-27 15:05:59,538+0530","service":"FyersAPI"}
{"level":"ERROR","location":"[delete_async_call:418] fyersModel","message":{"Api":"/positions","Response":{"code":-429,"message":"Request limit reached, refresh after few mins","s":"error"}},"timestamp":"2025-06-27 15:05:59,543+0530","service":"FyersAPI"}
{"level":"ERROR","location":"[delete_async_call:418] fyersModel","message":{"Api":"/positions","Response":{"code":-429,"message":"Request limit reached, refresh after few mins","s":"error"}},"timestamp":"2025-06-27 15:05:59,748+0530","service":"FyersAPI"}
{"level":"ERROR","location":"[delete_async_call:418] fyersModel","message":{"Api":"/positions","Response":{"code":-429,"message":"Request limit reached, refresh after few mins","s":"error"}},"timestamp":"2025-06-27 15:05:59,799+0530","service":"FyersAPI"}
{"level":"ERROR","location":"[delete_async_call:418] fyersModel","message":{"Api":"/positions","Response":{"code":-429,"message":"Request limit reached, refresh after few mins","s":"error"}},"timestamp":"2025-06-27 15:05:59,975+0530","service":"FyersAPI"}
{"level":"ERROR","location":"[delete_async_call:418] fyersModel","message":{"Api":"/positions","Response":{"code":-429,"message":"Request limit reached, refresh after few mins","s":"error"}},"timestamp":"2025-06-27 15:05:59,999+0530","service":"FyersAPI"}
{"level":"ERROR","location":"[get_call:146] fyersModel","message":{"API":"/history","Error":{"code":-16,"message":"Could not authenticate the user","s":"error"}},"timestamp":"2025-06-29 14:21:40,249+0530","service":"FyersAPI"}
{"level":"ERROR","location":"[get_call:146] fyersModel","message":{"API":"/history","Error":{"code":-16,"message":"Could not authenticate the user","s":"error"}},"timestamp":"2025-06-29 14:23:15,998+0530","service":"FyersAPI"}
{"level":"ERROR","location":"[get_call:146] fyersModel","message":{"API":"/history","Error":{"code":-16,"message":"Could not authenticate the user","s":"error"}},"timestamp":"2025-06-30 08:16:12,239+0530","service":"FyersAPI"}
{"level":"ERROR","location":"[get_call:146] fyersModel","message":{"API":"/history","Error":{"code":-16,"message":"Could not authenticate the user","s":"error"}},"timestamp":"2025-06-30 08:24:33,793+0530","service":"FyersAPI"}
{"level":"ERROR","location":"[get_call:146] fyersModel","message":{"API":"/history","Error":{"code":-16,"message":"Could not authenticate the user","s":"error"}},"timestamp":"2025-06-30 08:24:46,004+0530","service":"FyersAPI"}
{"level":"ERROR","location":"[get_call:146] fyersModel","message":{"API":"/history","Error":{"code":-50,"data":{"range_to":"range_to cannot be 100 days greater than range_from for resolutions 1, 2, 3, 5, 10, 15, 20, 30, 45, 60, 120, 180 and 240"},"message":"Invalid input","s":"error"}},"timestamp":"2025-06-30 21:12:20,140+0530","service":"FyersAPI"}
{"level":"ERROR","location":"[get_call:146] fyersModel","message":{"API":"/history","Error":{"code":-50,"data":{"range_to":"range_to cannot be 100 days greater than range_from for resolutions 1, 2, 3, 5, 10, 15, 20, 30, 45, 60, 120, 180 and 240"},"message":"Invalid input","s":"error"}},"timestamp":"2025-06-30 21:12:24,090+0530","service":"FyersAPI"}
{"level":"ERROR","location":"[get_call:146] fyersModel","message":{"API":"/history","Error":{"code":-50,"data":{"range_to":"range_to cannot be 100 days greater than range_from for resolutions 1, 2, 3, 5, 10, 15, 20, 30, 45, 60, 120, 180 and 240"},"message":"Invalid input","s":"error"}},"timestamp":"2025-06-30 21:12:27,164+0530","service":"FyersAPI"}
{"level":"ERROR","location":"[get_call:146] fyersModel","message":{"API":"/history","Error":{"code":-50,"data":{"range_to":"range_to cannot be 100 days greater than range_from for resolutions 1, 2, 3, 5, 10, 15, 20, 30, 45, 60, 120, 180 and 240"},"message":"Invalid input","s":"error"}},"timestamp":"2025-06-30 21:12:44,267+0530","service":"FyersAPI"}
{"level":"ERROR","location":"[get_call:146] fyersModel","message":{"API":"/history","Error":{"code":-50,"data":{"range_to":"range_to cannot be 100 days greater than range_from for resolutions 1, 2, 3, 5, 10, 15, 20, 30, 45, 60, 120, 180 and 240"},"message":"Invalid input","s":"error"}},"timestamp":"2025-06-30 21:12:48,705+0530","service":"FyersAPI"}
{"level":"ERROR","location":"[get_call:146] fyersModel","message":{"API":"/history","Error":{"code":-50,"data":{"range_to":"range_to cannot be 100 days greater than range_from for resolutions 1, 2, 3, 5, 10, 15, 20, 30, 45, 60, 120, 180 and 240"},"message":"Invalid input","s":"error"}},"timestamp":"2025-06-30 21:12:57,376+0530","service":"FyersAPI"}
{"level":"ERROR","location":"[get_call:146] fyersModel","message":{"API":"/history","Error":{"code":-50,"data":{"range_to":"range_to cannot be 100 days greater than range_from for resolutions 1, 2, 3, 5, 10, 15, 20, 30, 45, 60, 120, 180 and 240"},"message":"Invalid input","s":"error"}},"timestamp":"2025-06-30 21:13:00,530+0530","service":"FyersAPI"}
{"level":"ERROR","location":"[get_call:146] fyersModel","message":{"API":"/history","Error":{"code":-16,"message":"Could not authenticate the user","s":"error"}},"timestamp":"2025-07-07 08:38:28,794+0530","service":"FyersAPI"}
