{"level":"ERROR","location":"[get_call:146] fyersModel","message":{"API":"/profile","Error":{"s":"error","code":-17,"message":"Could not authenticate the user"}},"timestamp":"2025-10-21 11:50:38,648+0530","service":"FyersAPI"}
{"level":"ERROR","location":"[get_call:146] fyersModel","message":{"API":"/history","Error":{"code":-300,"message":"Invalid symbol provided","s":"error"}},"timestamp":"2025-10-21 14:01:00,656+0530","service":"FyersAPI"}
{"level":"ERROR","location":"[get_call:146] fyersModel","message":{"API":"/history","Error":{"code":-300,"message":"Invalid symbol provided","s":"error"}},"timestamp":"2025-10-21 14:01:00,683+0530","service":"FyersAPI"}
{"level":"ERROR","location":"[get_call:146] fyersModel","message":{"API":"/history","Error":{"code":-300,"message":"Invalid symbol provided","s":"error"}},"timestamp":"2025-10-21 14:01:22,175+0530","service":"FyersAPI"}
{"level":"ERROR","location":"[get_call:146] fyersModel","message":{"API":"/history","Error":{"code":-300,"message":"Invalid symbol provided","s":"error"}},"timestamp":"2025-10-21 14:01:41,380+0530","service":"FyersAPI"}
{"level":"ERROR","location":"[get_call:146] fyersModel","message":{"API":"/history","Error":{"code":-300,"message":"Invalid symbol provided","s":"error"}},"timestamp":"2025-10-21 14:01:51,680+0530","service":"FyersAPI"}
{"level":"ERROR","location":"[get_call:146] fyersModel","message":{"API":"/history","Error":{"code":-300,"message":"Invalid symbol provided","s":"error"}},"timestamp":"2025-10-21 14:02:00,152+0530","service":"FyersAPI"}
{"level":"ERROR","location":"[get_call:146] fyersModel","message":{"API":"/history","Error":{"code":-300,"message":"Invalid symbol provided","s":"error"}},"timestamp":"2025-10-21 14:02:08,742+0530","service":"FyersAPI"}
{"level":"ERROR","location":"[get_call:146] fyersModel","message":{"API":"/history","Error":{"code":-300,"message":"Invalid symbol provided","s":"error"}},"timestamp":"2025-10-21 14:02:49,951+0530","service":"FyersAPI"}
{"level":"ERROR","location":"[get_call:146] fyersModel","message":{"API":"/history","Error":{"code":-300,"message":"Invalid symbol provided","s":"error"}},"timestamp":"2025-10-21 14:03:17,521+0530","service":"FyersAPI"}
{"level":"ERROR","location":"[get_call:146] fyersModel","message":{"API":"/quotes","Error":{"message":"request limit reached","code":429,"s":"error"}},"timestamp":"2025-10-21 14:03:28,536+0530","service":"FyersAPI"}
{"level":"ERROR","location":"[get_call:146] fyersModel","message":{"API":"/quotes","Error":{"message":"request limit reached","code":429,"s":"error"}},"timestamp":"2025-10-21 14:03:28,552+0530","service":"FyersAPI"}
{"level":"ERROR","location":"[get_call:146] fyersModel","message":{"API":"/quotes","Error":{"message":"request limit reached","code":429,"s":"error"}},"timestamp":"2025-10-21 14:03:28,559+0530","service":"FyersAPI"}
{"level":"ERROR","location":"[get_call:146] fyersModel","message":{"API":"/quotes","Error":{"message":"request limit reached","code":429,"s":"error"}},"timestamp":"2025-10-21 14:03:28,673+0530","service":"FyersAPI"}
{"level":"ERROR","location":"[get_call:146] fyersModel","message":{"API":"/quotes","Error":{"message":"request limit reached","code":429,"s":"error"}},"timestamp":"2025-10-21 14:03:28,687+0530","service":"FyersAPI"}
{"level":"ERROR","location":"[get_call:146] fyersModel","message":{"API":"/quotes","Error":{"message":"request limit reached","code":429,"s":"error"}},"timestamp":"2025-10-21 14:03:28,690+0530","service":"FyersAPI"}
{"level":"ERROR","location":"[get_call:146] fyersModel","message":{"API":"/quotes","Error":{"message":"request limit reached","code":429,"s":"error"}},"timestamp":"2025-10-21 14:03:28,806+0530","service":"FyersAPI"}
{"level":"ERROR","location":"[get_call:146] fyersModel","message":{"API":"/quotes","Error":{"message":"request limit reached","code":429,"s":"error"}},"timestamp":"2025-10-21 14:03:28,826+0530","service":"FyersAPI"}
{"level":"ERROR","location":"[get_call:146] fyersModel","message":{"API":"/quotes","Error":{"message":"request limit reached","code":429,"s":"error"}},"timestamp":"2025-10-21 14:03:28,833+0530","service":"FyersAPI"}
{"level":"ERROR","location":"[get_call:146] fyersModel","message":{"API":"/quotes","Error":{"message":"request limit reached","code":429,"s":"error"}},"timestamp":"2025-10-21 14:03:28,936+0530","service":"FyersAPI"}
{"level":"ERROR","location":"[get_call:146] fyersModel","message":{"API":"/quotes","Error":{"message":"request limit reached","code":429,"s":"error"}},"timestamp":"2025-10-21 14:03:28,956+0530","service":"FyersAPI"}
{"level":"ERROR","location":"[get_call:146] fyersModel","message":{"API":"/quotes","Error":{"message":"request limit reached","code":429,"s":"error"}},"timestamp":"2025-10-21 14:03:28,956+0530","service":"FyersAPI"}
{"level":"ERROR","location":"[get_call:146] fyersModel","message":{"API":"/quotes","Error":{"message":"request limit reached","code":429,"s":"error"}},"timestamp":"2025-10-21 14:03:28,974+0530","service":"FyersAPI"}
{"level":"ERROR","location":"[get_call:146] fyersModel","message":{"API":"/quotes","Error":{"message":"request limit reached","code":429,"s":"error"}},"timestamp":"2025-10-21 14:03:29,555+0530","service":"FyersAPI"}
{"level":"ERROR","location":"[get_call:146] fyersModel","message":{"API":"/quotes","Error":{"message":"request limit reached","code":429,"s":"error"}},"timestamp":"2025-10-21 14:03:29,646+0530","service":"FyersAPI"}
{"level":"ERROR","location":"[get_call:146] fyersModel","message":{"API":"/quotes","Error":{"message":"request limit reached","code":429,"s":"error"}},"timestamp":"2025-10-21 14:03:29,661+0530","service":"FyersAPI"}
{"level":"ERROR","location":"[get_call:146] fyersModel","message":{"API":"/quotes","Error":{"message":"request limit reached","code":429,"s":"error"}},"timestamp":"2025-10-21 14:03:29,697+0530","service":"FyersAPI"}
{"level":"ERROR","location":"[get_call:146] fyersModel","message":{"API":"/quotes","Error":{"message":"request limit reached","code":429,"s":"error"}},"timestamp":"2025-10-21 14:03:29,789+0530","service":"FyersAPI"}
{"level":"ERROR","location":"[get_call:146] fyersModel","message":{"API":"/quotes","Error":{"message":"request limit reached","code":429,"s":"error"}},"timestamp":"2025-10-21 14:03:29,803+0530","service":"FyersAPI"}
{"level":"ERROR","location":"[get_call:146] fyersModel","message":{"API":"/quotes","Error":{"message":"request limit reached","code":429,"s":"error"}},"timestamp":"2025-10-21 14:03:29,837+0530","service":"FyersAPI"}
{"level":"ERROR","location":"[get_call:146] fyersModel","message":{"API":"/quotes","Error":{"message":"request limit reached","code":429,"s":"error"}},"timestamp":"2025-10-21 14:03:29,917+0530","service":"FyersAPI"}
{"level":"ERROR","location":"[get_call:146] fyersModel","message":{"API":"/quotes","Error":{"message":"request limit reached","code":429,"s":"error"}},"timestamp":"2025-10-21 14:03:29,942+0530","service":"FyersAPI"}
{"level":"ERROR","location":"[get_call:146] fyersModel","message":{"API":"/quotes","Error":{"message":"request limit reached","code":429,"s":"error"}},"timestamp":"2025-10-21 14:03:29,977+0530","service":"FyersAPI"}
{"level":"ERROR","location":"[get_call:146] fyersModel","message":{"API":"/quotes","Error":{"message":"request limit reached","code":429,"s":"error"}},"timestamp":"2025-10-21 14:03:30,061+0530","service":"FyersAPI"}
{"level":"ERROR","location":"[get_call:146] fyersModel","message":{"API":"/history","Error":{"code":-300,"message":"Invalid symbol provided","s":"error"}},"timestamp":"2025-10-21 14:03:58,042+0530","service":"FyersAPI"}
{"level":"ERROR","location":"[get_call:146] fyersModel","message":{"API":"/history","Error":{"code":-300,"message":"Invalid symbol provided","s":"error"}},"timestamp":"2025-10-21 14:04:06,858+0530","service":"FyersAPI"}
{"level":"ERROR","location":"[get_call:146] fyersModel","message":{"API":"/history","Error":{"code":-300,"message":"Invalid symbol provided","s":"error"}},"timestamp":"2025-10-21 14:04:09,610+0530","service":"FyersAPI"}
{"level":"ERROR","location":"[get_call:146] fyersModel","message":{"API":"/history","Error":{"code":-300,"message":"Invalid symbol provided","s":"error"}},"timestamp":"2025-10-21 14:04:26,255+0530","service":"FyersAPI"}
{"level":"ERROR","location":"[get_call:146] fyersModel","message":{"API":"/history","Error":{"code":-300,"message":"Invalid symbol provided","s":"error"}},"timestamp":"2025-10-21 14:04:57,841+0530","service":"FyersAPI"}
{"level":"ERROR","location":"[get_call:146] fyersModel","message":{"API":"/history","Error":{"code":-300,"message":"Invalid symbol provided","s":"error"}},"timestamp":"2025-10-21 14:05:12,146+0530","service":"FyersAPI"}
{"level":"ERROR","location":"[get_call:146] fyersModel","message":{"API":"/history","Error":{"code":-300,"message":"Invalid symbol provided","s":"error"}},"timestamp":"2025-10-21 14:06:06,249+0530","service":"FyersAPI"}
{"level":"ERROR","location":"[get_call:146] fyersModel","message":{"API":"/history","Error":{"code":-300,"message":"Invalid symbol provided","s":"error"}},"timestamp":"2025-10-21 14:06:35,551+0530","service":"FyersAPI"}
{"level":"ERROR","location":"[get_call:146] fyersModel","message":{"API":"/history","Error":{"code":-300,"message":"Invalid symbol provided","s":"error"}},"timestamp":"2025-10-21 14:06:54,354+0530","service":"FyersAPI"}
{"level":"ERROR","location":"[get_call:146] fyersModel","message":{"API":"/history","Error":{"code":-300,"message":"Invalid symbol provided","s":"error"}},"timestamp":"2025-10-21 14:06:58,296+0530","service":"FyersAPI"}
{"level":"ERROR","location":"[get_call:146] fyersModel","message":{"API":"/history","Error":{"code":-300,"message":"Invalid symbol provided","s":"error"}},"timestamp":"2025-10-21 14:07:03,666+0530","service":"FyersAPI"}
{"level":"ERROR","location":"[get_call:146] fyersModel","message":{"API":"/history","Error":{"code":-300,"message":"Invalid symbol provided","s":"error"}},"timestamp":"2025-10-21 14:07:19,550+0530","service":"FyersAPI"}
{"level":"ERROR","location":"[get_call:146] fyersModel","message":{"API":"/profile","Error":{"s":"error","code":-353,"message":"API Limit exceeded overall per sec"}},"timestamp":"2025-10-21 14:07:23,375+0530","service":"FyersAPI"}
{"level":"ERROR","location":"[get_call:146] fyersModel","message":{"API":"/profile","Error":{"s":"error","code":-353,"message":"API Limit exceeded overall per sec"}},"timestamp":"2025-10-21 14:07:23,377+0530","service":"FyersAPI"}
{"level":"ERROR","location":"[get_call:146] fyersModel","message":{"API":"/history","Error":{"code":-300,"message":"Invalid symbol provided","s":"error"}},"timestamp":"2025-10-21 14:07:40,401+0530","service":"FyersAPI"}
{"level":"ERROR","location":"[get_call:146] fyersModel","message":{"API":"/history","Error":{"code":-300,"message":"Invalid symbol provided","s":"error"}},"timestamp":"2025-10-21 14:07:50,317+0530","service":"FyersAPI"}
{"level":"ERROR","location":"[get_call:146] fyersModel","message":{"API":"/quotes","Error":{"message":"request limit reached","code":429,"s":"error"}},"timestamp":"2025-10-21 14:07:58,943+0530","service":"FyersAPI"}
{"level":"ERROR","location":"[get_call:146] fyersModel","message":{"API":"/history","Error":{"code":-300,"message":"Invalid symbol provided","s":"error"}},"timestamp":"2025-10-21 14:08:01,239+0530","service":"FyersAPI"}
{"level":"ERROR","location":"[get_call:146] fyersModel","message":{"API":"/history","Error":{"code":-300,"message":"Invalid symbol provided","s":"error"}},"timestamp":"2025-10-21 14:08:02,535+0530","service":"FyersAPI"}
{"level":"ERROR","location":"[get_call:146] fyersModel","message":{"API":"/history","Error":{"code":-300,"message":"Invalid symbol provided","s":"error"}},"timestamp":"2025-10-21 14:08:06,639+0530","service":"FyersAPI"}
{"level":"ERROR","location":"[get_call:146] fyersModel","message":{"API":"/history","Error":{"code":-300,"message":"Invalid symbol provided","s":"error"}},"timestamp":"2025-10-21 14:08:07,656+0530","service":"FyersAPI"}
{"level":"ERROR","location":"[get_call:146] fyersModel","message":{"API":"/history","Error":{"code":-300,"message":"Invalid symbol provided","s":"error"}},"timestamp":"2025-10-21 14:08:21,362+0530","service":"FyersAPI"}
{"level":"ERROR","location":"[get_call:146] fyersModel","message":{"API":"/history","Error":{"code":-300,"message":"Invalid symbol provided","s":"error"}},"timestamp":"2025-10-21 14:08:49,677+0530","service":"FyersAPI"}
{"level":"ERROR","location":"[get_call:146] fyersModel","message":{"API":"/history","Error":{"code":-300,"message":"Invalid symbol provided","s":"error"}},"timestamp":"2025-10-21 14:08:52,158+0530","service":"FyersAPI"}
{"level":"ERROR","location":"[get_call:146] fyersModel","message":{"API":"/history","Error":{"code":-300,"message":"Invalid symbol provided","s":"error"}},"timestamp":"2025-10-21 14:08:56,012+0530","service":"FyersAPI"}
{"level":"ERROR","location":"[get_call:146] fyersModel","message":{"API":"/history","Error":{"code":-300,"message":"Invalid symbol provided","s":"error"}},"timestamp":"2025-10-21 14:08:57,664+0530","service":"FyersAPI"}
{"level":"ERROR","location":"[get_call:146] fyersModel","message":{"API":"/history","Error":{"code":-300,"message":"Invalid symbol provided","s":"error"}},"timestamp":"2025-10-21 14:09:11,617+0530","service":"FyersAPI"}
{"level":"ERROR","location":"[get_call:146] fyersModel","message":{"API":"/history","Error":{"code":-300,"message":"Invalid symbol provided","s":"error"}},"timestamp":"2025-10-21 14:09:22,710+0530","service":"FyersAPI"}
{"level":"ERROR","location":"[get_call:146] fyersModel","message":{"API":"/history","Error":{"code":-300,"message":"Invalid symbol provided","s":"error"}},"timestamp":"2025-10-21 14:09:38,044+0530","service":"FyersAPI"}
{"level":"ERROR","location":"[get_call:146] fyersModel","message":{"API":"/history","Error":{"code":-300,"message":"Invalid symbol provided","s":"error"}},"timestamp":"2025-10-21 14:09:51,205+0530","service":"FyersAPI"}
{"level":"ERROR","location":"[get_call:146] fyersModel","message":{"API":"/history","Error":{"code":-300,"message":"Invalid symbol provided","s":"error"}},"timestamp":"2025-10-21 14:10:02,050+0530","service":"FyersAPI"}
{"level":"ERROR","location":"[get_call:146] fyersModel","message":{"API":"/history","Error":{"code":-300,"message":"Invalid symbol provided","s":"error"}},"timestamp":"2025-10-21 14:10:14,692+0530","service":"FyersAPI"}
{"level":"ERROR","location":"[get_call:146] fyersModel","message":{"API":"/history","Error":{"code":-300,"message":"Invalid symbol provided","s":"error"}},"timestamp":"2025-10-21 14:10:23,856+0530","service":"FyersAPI"}
{"level":"ERROR","location":"[get_call:146] fyersModel","message":{"API":"/history","Error":{"code":-300,"message":"Invalid symbol provided","s":"error"}},"timestamp":"2025-10-21 14:10:32,415+0530","service":"FyersAPI"}
{"level":"ERROR","location":"[get_call:146] fyersModel","message":{"API":"/history","Error":{"code":-300,"message":"Invalid symbol provided","s":"error"}},"timestamp":"2025-10-21 14:10:51,275+0530","service":"FyersAPI"}
{"level":"ERROR","location":"[get_call:146] fyersModel","message":{"API":"/history","Error":{"code":-300,"message":"Invalid symbol provided","s":"error"}},"timestamp":"2025-10-21 14:11:08,516+0530","service":"FyersAPI"}
{"level":"ERROR","location":"[get_call:146] fyersModel","message":{"API":"/history","Error":{"code":-300,"message":"Invalid symbol provided","s":"error"}},"timestamp":"2025-10-21 14:11:16,178+0530","service":"FyersAPI"}
{"level":"ERROR","location":"[get_call:146] fyersModel","message":{"API":"/history","Error":{"code":-300,"message":"Invalid symbol provided","s":"error"}},"timestamp":"2025-10-21 14:17:59,466+0530","service":"FyersAPI"}
{"level":"ERROR","location":"[get_call:146] fyersModel","message":{"API":"/history","Error":{"code":-300,"message":"Invalid symbol provided","s":"error"}},"timestamp":"2025-10-21 14:18:08,525+0530","service":"FyersAPI"}
{"level":"ERROR","location":"[get_call:146] fyersModel","message":{"API":"/history","Error":{"code":-300,"message":"Invalid symbol provided","s":"error"}},"timestamp":"2025-10-21 14:19:11,246+0530","service":"FyersAPI"}
{"level":"ERROR","location":"[get_call:146] fyersModel","message":{"API":"/history","Error":{"code":-300,"message":"Invalid symbol provided","s":"error"}},"timestamp":"2025-10-21 14:19:17,413+0530","service":"FyersAPI"}
{"level":"ERROR","location":"[get_call:146] fyersModel","message":{"API":"/history","Error":{"code":-300,"message":"Invalid symbol provided","s":"error"}},"timestamp":"2025-10-21 14:24:00,833+0530","service":"FyersAPI"}
{"level":"ERROR","location":"[get_call:146] fyersModel","message":{"API":"/history","Error":{"code":-300,"message":"Invalid symbol provided","s":"error"}},"timestamp":"2025-10-21 14:24:05,494+0530","service":"FyersAPI"}
{"level":"ERROR","location":"[get_call:146] fyersModel","message":{"API":"/history","Error":{"code":-300,"message":"Invalid symbol provided","s":"error"}},"timestamp":"2025-10-21 14:25:22,750+0530","service":"FyersAPI"}
{"level":"ERROR","location":"[get_call:146] fyersModel","message":{"API":"/history","Error":{"code":-300,"message":"Invalid symbol provided","s":"error"}},"timestamp":"2025-10-21 14:25:28,205+0530","service":"FyersAPI"}
{"level":"ERROR","location":"[get_call:146] fyersModel","message":{"API":"/history","Error":{"code":-300,"message":"Invalid symbol provided","s":"error"}},"timestamp":"2025-10-21 14:30:16,777+0530","service":"FyersAPI"}
{"level":"ERROR","location":"[get_call:146] fyersModel","message":{"API":"/history","Error":{"code":-300,"message":"Invalid symbol provided","s":"error"}},"timestamp":"2025-10-21 14:30:16,784+0530","service":"FyersAPI"}
{"level":"ERROR","location":"[get_call:146] fyersModel","message":{"API":"/history","Error":{"code":-300,"message":"Invalid symbol provided","s":"error"}},"timestamp":"2025-10-21 14:31:29,676+0530","service":"FyersAPI"}
{"level":"ERROR","location":"[get_call:146] fyersModel","message":{"API":"/history","Error":{"code":-300,"message":"Invalid symbol provided","s":"error"}},"timestamp":"2025-10-21 14:31:39,177+0530","service":"FyersAPI"}
{"level":"ERROR","location":"[get_call:146] fyersModel","message":{"API":"/history","Error":{"code":-300,"message":"Invalid symbol provided","s":"error"}},"timestamp":"2025-10-21 14:36:24,171+0530","service":"FyersAPI"}
{"level":"ERROR","location":"[get_call:146] fyersModel","message":{"API":"/history","Error":{"code":-300,"message":"Invalid symbol provided","s":"error"}},"timestamp":"2025-10-21 14:36:26,259+0530","service":"FyersAPI"}
{"level":"ERROR","location":"[get_call:146] fyersModel","message":{"API":"/history","Error":{"code":-300,"message":"Invalid symbol provided","s":"error"}},"timestamp":"2025-10-21 14:37:46,684+0530","service":"FyersAPI"}
{"level":"ERROR","location":"[get_call:146] fyersModel","message":{"API":"/history","Error":{"code":-300,"message":"Invalid symbol provided","s":"error"}},"timestamp":"2025-10-21 14:37:47,050+0530","service":"FyersAPI"}
{"level":"ERROR","location":"[get_call:146] fyersModel","message":{"API":"/history","Error":{"code":-300,"message":"Invalid symbol provided","s":"error"}},"timestamp":"2025-10-21 14:37:47,241+0530","service":"FyersAPI"}
{"level":"ERROR","location":"[get_call:146] fyersModel","message":{"API":"/history","Error":{"code":-300,"message":"Invalid symbol provided","s":"error"}},"timestamp":"2025-10-21 14:39:12,365+0530","service":"FyersAPI"}
{"level":"ERROR","location":"[get_call:146] fyersModel","message":{"API":"/history","Error":{"code":-300,"message":"Invalid symbol provided","s":"error"}},"timestamp":"2025-10-21 14:42:24,414+0530","service":"FyersAPI"}
{"level":"ERROR","location":"[get_call:146] fyersModel","message":{"API":"/history","Error":{"code":-300,"message":"Invalid symbol provided","s":"error"}},"timestamp":"2025-10-21 14:43:53,649+0530","service":"FyersAPI"}
{"level":"ERROR","location":"[get_call:146] fyersModel","message":{"API":"/history","Error":{"code":-300,"message":"Invalid symbol provided","s":"error"}},"timestamp":"2025-10-21 14:43:57,398+0530","service":"FyersAPI"}
{"level":"ERROR","location":"[get_call:146] fyersModel","message":{"API":"/history","Error":{"code":-300,"message":"Invalid symbol provided","s":"error"}},"timestamp":"2025-10-21 14:45:07,577+0530","service":"FyersAPI"}
{"level":"ERROR","location":"[get_call:146] fyersModel","message":{"API":"/history","Error":{"code":-300,"message":"Invalid symbol provided","s":"error"}},"timestamp":"2025-10-21 14:45:14,371+0530","service":"FyersAPI"}
{"level":"ERROR","location":"[get_call:146] fyersModel","message":{"API":"/history","Error":{"code":-300,"message":"Invalid symbol provided","s":"error"}},"timestamp":"2025-10-21 14:48:31,190+0530","service":"FyersAPI"}
{"level":"ERROR","location":"[get_call:146] fyersModel","message":{"API":"/history","Error":{"code":-300,"message":"Invalid symbol provided","s":"error"}},"timestamp":"2025-10-21 14:49:51,272+0530","service":"FyersAPI"}
{"level":"ERROR","location":"[get_call:146] fyersModel","message":{"API":"/history","Error":{"code":-300,"message":"Invalid symbol provided","s":"error"}},"timestamp":"2025-10-21 14:51:03,447+0530","service":"FyersAPI"}
{"level":"ERROR","location":"[get_call:146] fyersModel","message":{"API":"/history","Error":{"code":-300,"message":"Invalid symbol provided","s":"error"}},"timestamp":"2025-10-21 14:51:10,480+0530","service":"FyersAPI"}
{"level":"ERROR","location":"[get_call:146] fyersModel","message":{"API":"/history","Error":{"code":-300,"message":"Invalid symbol provided","s":"error"}},"timestamp":"2025-10-21 14:54:29,701+0530","service":"FyersAPI"}
{"level":"ERROR","location":"[get_call:146] fyersModel","message":{"API":"/history","Error":{"code":-300,"message":"Invalid symbol provided","s":"error"}},"timestamp":"2025-10-21 14:56:03,388+0530","service":"FyersAPI"}
{"level":"ERROR","location":"[get_call:146] fyersModel","message":{"API":"/history","Error":{"code":-300,"message":"Invalid symbol provided","s":"error"}},"timestamp":"2025-10-21 14:57:28,697+0530","service":"FyersAPI"}
{"level":"ERROR","location":"[get_call:146] fyersModel","message":{"API":"/history","Error":{"code":-300,"message":"Invalid symbol provided","s":"error"}},"timestamp":"2025-10-21 14:57:31,572+0530","service":"FyersAPI"}
{"level":"ERROR","location":"[get_call:146] fyersModel","message":{"API":"/history","Error":{"code":-300,"message":"Invalid symbol provided","s":"error"}},"timestamp":"2025-10-21 15:00:55,446+0530","service":"FyersAPI"}
{"level":"ERROR","location":"[get_call:146] fyersModel","message":{"API":"/history","Error":{"code":-300,"message":"Invalid symbol provided","s":"error"}},"timestamp":"2025-10-21 15:02:36,331+0530","service":"FyersAPI"}
{"level":"ERROR","location":"[get_call:146] fyersModel","message":{"API":"/history","Error":{"code":-300,"message":"Invalid symbol provided","s":"error"}},"timestamp":"2025-10-21 15:03:49,992+0530","service":"FyersAPI"}
{"level":"ERROR","location":"[get_call:146] fyersModel","message":{"API":"/history","Error":{"code":-300,"message":"Invalid symbol provided","s":"error"}},"timestamp":"2025-10-21 15:03:59,260+0530","service":"FyersAPI"}
{"level":"ERROR","location":"[get_call:146] fyersModel","message":{"API":"/history","Error":{"code":-300,"message":"Invalid symbol provided","s":"error"}},"timestamp":"2025-10-21 15:07:07,395+0530","service":"FyersAPI"}
{"level":"ERROR","location":"[get_call:146] fyersModel","message":{"API":"/history","Error":{"code":-300,"message":"Invalid symbol provided","s":"error"}},"timestamp":"2025-10-21 15:08:39,948+0530","service":"FyersAPI"}
{"level":"ERROR","location":"[get_call:146] fyersModel","message":{"API":"/history","Error":{"code":-300,"message":"Invalid symbol provided","s":"error"}},"timestamp":"2025-10-21 15:09:45,977+0530","service":"FyersAPI"}
{"level":"ERROR","location":"[get_call:146] fyersModel","message":{"API":"/history","Error":{"code":-300,"message":"Invalid symbol provided","s":"error"}},"timestamp":"2025-10-21 15:09:55,801+0530","service":"FyersAPI"}
{"level":"ERROR","location":"[get_call:146] fyersModel","message":{"API":"/history","Error":{"code":-300,"message":"Invalid symbol provided","s":"error"}},"timestamp":"2025-10-21 15:13:01,481+0530","service":"FyersAPI"}
{"level":"ERROR","location":"[get_call:146] fyersModel","message":{"API":"/history","Error":{"code":-300,"message":"Invalid symbol provided","s":"error"}},"timestamp":"2025-10-21 15:14:33,538+0530","service":"FyersAPI"}
{"level":"ERROR","location":"[get_call:146] fyersModel","message":{"API":"/history","Error":{"code":-300,"message":"Invalid symbol provided","s":"error"}},"timestamp":"2025-10-21 15:15:37,870+0530","service":"FyersAPI"}
{"level":"ERROR","location":"[get_call:146] fyersModel","message":{"API":"/history","Error":{"code":-300,"message":"Invalid symbol provided","s":"error"}},"timestamp":"2025-10-21 15:15:55,207+0530","service":"FyersAPI"}
{"level":"ERROR","location":"[get_call:146] fyersModel","message":{"API":"/history","Error":{"code":-300,"message":"Invalid symbol provided","s":"error"}},"timestamp":"2025-10-21 15:19:04,720+0530","service":"FyersAPI"}
{"level":"ERROR","location":"[get_call:146] fyersModel","message":{"API":"/history","Error":{"code":-300,"message":"Invalid symbol provided","s":"error"}},"timestamp":"2025-10-21 15:20:39,580+0530","service":"FyersAPI"}
{"level":"ERROR","location":"[get_call:146] fyersModel","message":{"API":"/history","Error":{"code":-300,"message":"Invalid symbol provided","s":"error"}},"timestamp":"2025-10-21 15:21:51,927+0530","service":"FyersAPI"}
{"level":"ERROR","location":"[get_call:146] fyersModel","message":{"API":"/history","Error":{"code":-300,"message":"Invalid symbol provided","s":"error"}},"timestamp":"2025-10-21 15:21:55,488+0530","service":"FyersAPI"}
{"level":"ERROR","location":"[get_call:146] fyersModel","message":{"API":"/history","Error":{"code":-300,"message":"Invalid symbol provided","s":"error"}},"timestamp":"2025-10-21 15:22:01,671+0530","service":"FyersAPI"}
{"level":"ERROR","location":"[get_call:146] fyersModel","message":{"API":"/history","Error":{"code":-300,"message":"Invalid symbol provided","s":"error"}},"timestamp":"2025-10-21 15:24:58,536+0530","service":"FyersAPI"}
{"level":"ERROR","location":"[get_call:146] fyersModel","message":{"API":"/history","Error":{"code":-300,"message":"Invalid symbol provided","s":"error"}},"timestamp":"2025-10-21 15:28:03,287+0530","service":"FyersAPI"}
{"level":"ERROR","location":"[get_call:146] fyersModel","message":{"API":"/history","Error":{"code":-300,"message":"Invalid symbol provided","s":"error"}},"timestamp":"2025-10-21 15:28:09,646+0530","service":"FyersAPI"}
{"level":"ERROR","location":"[get_call:146] fyersModel","message":{"API":"/history","Error":{"code":-300,"message":"Invalid symbol provided","s":"error"}},"timestamp":"2025-10-21 15:28:27,191+0530","service":"FyersAPI"}
{"level":"ERROR","location":"[get_call:146] fyersModel","message":{"API":"/history","Error":{"code":-300,"message":"Invalid symbol provided","s":"error"}},"timestamp":"2025-10-21 15:31:07,848+0530","service":"FyersAPI"}
{"level":"ERROR","location":"[get_call:146] fyersModel","message":{"API":"/history","Error":{"code":-300,"message":"Invalid symbol provided","s":"error"}},"timestamp":"2025-10-21 17:20:35,515+0530","service":"FyersAPI"}
{"level":"ERROR","location":"[get_call:146] fyersModel","message":{"API":"/quotes","Error":{"message":"request limit reached","code":429,"s":"error"}},"timestamp":"2025-10-21 17:25:29,447+0530","service":"FyersAPI"}
{"level":"ERROR","location":"[get_call:146] fyersModel","message":{"API":"/quotes","Error":{"message":"request limit reached","code":429,"s":"error"}},"timestamp":"2025-10-21 17:25:29,490+0530","service":"FyersAPI"}
{"level":"ERROR","location":"[get_call:146] fyersModel","message":{"API":"/quotes","Error":{"message":"request limit reached","code":429,"s":"error"}},"timestamp":"2025-10-21 17:25:29,583+0530","service":"FyersAPI"}
{"level":"ERROR","location":"[get_call:146] fyersModel","message":{"API":"/quotes","Error":{"message":"request limit reached","code":429,"s":"error"}},"timestamp":"2025-10-21 17:25:29,601+0530","service":"FyersAPI"}
{"level":"ERROR","location":"[get_call:146] fyersModel","message":{"API":"/quotes","Error":{"message":"request limit reached","code":429,"s":"error"}},"timestamp":"2025-10-21 17:25:29,636+0530","service":"FyersAPI"}
{"level":"ERROR","location":"[get_call:146] fyersModel","message":{"API":"/quotes","Error":{"message":"request limit reached","code":429,"s":"error"}},"timestamp":"2025-10-21 17:25:30,559+0530","service":"FyersAPI"}
{"level":"ERROR","location":"[get_call:146] fyersModel","message":{"API":"/quotes","Error":{"message":"request limit reached","code":429,"s":"error"}},"timestamp":"2025-10-21 17:25:30,702+0530","service":"FyersAPI"}
{"level":"ERROR","location":"[get_call:146] fyersModel","message":{"API":"/quotes","Error":{"message":"request limit reached","code":429,"s":"error"}},"timestamp":"2025-10-21 17:25:30,707+0530","service":"FyersAPI"}
{"level":"ERROR","location":"[get_call:146] fyersModel","message":{"API":"/history","Error":{"code":-300,"message":"Invalid symbol provided","s":"error"}},"timestamp":"2025-10-21 17:26:35,065+0530","service":"FyersAPI"}
{"level":"ERROR","location":"[get_call:146] fyersModel","message":{"API":"/history","Error":{"code":-300,"message":"Invalid symbol provided","s":"error"}},"timestamp":"2025-10-21 17:26:47,740+0530","service":"FyersAPI"}
{"level":"ERROR","location":"[get_call:146] fyersModel","message":{"API":"/quotes","Error":{"message":"request limit reached","code":429,"s":"error"}},"timestamp":"2025-10-21 17:27:07,224+0530","service":"FyersAPI"}
{"level":"ERROR","location":"[get_call:146] fyersModel","message":{"API":"/quotes","Error":{"message":"request limit reached","code":429,"s":"error"}},"timestamp":"2025-10-21 17:27:07,262+0530","service":"FyersAPI"}
{"level":"ERROR","location":"[get_call:146] fyersModel","message":{"API":"/quotes","Error":{"message":"request limit reached","code":429,"s":"error"}},"timestamp":"2025-10-21 17:27:07,352+0530","service":"FyersAPI"}
{"level":"ERROR","location":"[get_call:146] fyersModel","message":{"API":"/quotes","Error":{"message":"request limit reached","code":429,"s":"error"}},"timestamp":"2025-10-21 17:27:08,075+0530","service":"FyersAPI"}
{"level":"ERROR","location":"[get_call:146] fyersModel","message":{"API":"/quotes","Error":{"message":"request limit reached","code":429,"s":"error"}},"timestamp":"2025-10-21 17:27:08,172+0530","service":"FyersAPI"}
{"level":"ERROR","location":"[get_call:146] fyersModel","message":{"API":"/quotes","Error":{"message":"request limit reached","code":429,"s":"error"}},"timestamp":"2025-10-21 17:27:08,243+0530","service":"FyersAPI"}
{"level":"ERROR","location":"[get_call:146] fyersModel","message":{"API":"/history","Error":{"code":-300,"message":"Invalid symbol provided","s":"error"}},"timestamp":"2025-10-21 17:32:13,716+0530","service":"FyersAPI"}
{"level":"ERROR","location":"[get_call:146] fyersModel","message":{"API":"/history","Error":{"code":-300,"message":"Invalid symbol provided","s":"error"}},"timestamp":"2025-10-21 17:32:16,280+0530","service":"FyersAPI"}
{"level":"ERROR","location":"[get_call:146] fyersModel","message":{"API":"/history","Error":{"code":-300,"message":"Invalid symbol provided","s":"error"}},"timestamp":"2025-10-21 17:32:38,559+0530","service":"FyersAPI"}
{"level":"ERROR","location":"[get_call:146] fyersModel","message":{"API":"/history","Error":{"code":-300,"message":"Invalid symbol provided","s":"error"}},"timestamp":"2025-10-21 17:32:46,871+0530","service":"FyersAPI"}
{"level":"ERROR","location":"[get_call:146] fyersModel","message":{"API":"/history","Error":{"code":-300,"message":"Invalid symbol provided","s":"error"}},"timestamp":"2025-10-21 17:38:15,192+0530","service":"FyersAPI"}
{"level":"ERROR","location":"[get_call:146] fyersModel","message":{"API":"/history","Error":{"code":-300,"message":"Invalid symbol provided","s":"error"}},"timestamp":"2025-10-21 17:38:16,888+0530","service":"FyersAPI"}
{"level":"ERROR","location":"[get_call:146] fyersModel","message":{"API":"/history","Error":{"code":-300,"message":"Invalid symbol provided","s":"error"}},"timestamp":"2025-10-21 17:38:38,283+0530","service":"FyersAPI"}
{"level":"ERROR","location":"[get_call:146] fyersModel","message":{"API":"/history","Error":{"code":-300,"message":"Invalid symbol provided","s":"error"}},"timestamp":"2025-10-21 17:38:41,816+0530","service":"FyersAPI"}
{"level":"ERROR","location":"[get_call:146] fyersModel","message":{"API":"/history","Error":{"code":-300,"message":"Invalid symbol provided","s":"error"}},"timestamp":"2025-10-21 17:39:31,399+0530","service":"FyersAPI"}
{"level":"ERROR","location":"[get_call:146] fyersModel","message":{"API":"/history","Error":{"code":-300,"message":"Invalid symbol provided","s":"error"}},"timestamp":"2025-10-21 17:44:16,769+0530","service":"FyersAPI"}
{"level":"ERROR","location":"[get_call:146] fyersModel","message":{"API":"/history","Error":{"code":-300,"message":"Invalid symbol provided","s":"error"}},"timestamp":"2025-10-21 17:44:42,199+0530","service":"FyersAPI"}
{"level":"ERROR","location":"[get_call:146] fyersModel","message":{"API":"/history","Error":{"code":-300,"message":"Invalid symbol provided","s":"error"}},"timestamp":"2025-10-21 17:44:53,870+0530","service":"FyersAPI"}
{"level":"ERROR","location":"[get_call:146] fyersModel","message":{"API":"/history","Error":{"code":-300,"message":"Invalid symbol provided","s":"error"}},"timestamp":"2025-10-21 17:45:26,044+0530","service":"FyersAPI"}
{"level":"ERROR","location":"[get_call:146] fyersModel","message":{"API":"/history","Error":{"code":-300,"message":"Invalid symbol provided","s":"error"}},"timestamp":"2025-10-21 17:50:44,680+0530","service":"FyersAPI"}
{"level":"ERROR","location":"[get_call:146] fyersModel","message":{"API":"/history","Error":{"code":-300,"message":"Invalid symbol provided","s":"error"}},"timestamp":"2025-10-21 17:50:53,678+0530","service":"FyersAPI"}
{"level":"ERROR","location":"[get_call:146] fyersModel","message":{"API":"/history","Error":{"code":-300,"message":"Invalid symbol provided","s":"error"}},"timestamp":"2025-10-21 17:51:19,719+0530","service":"FyersAPI"}
{"level":"ERROR","location":"[get_call:146] fyersModel","message":{"API":"/history","Error":{"code":-300,"message":"Invalid symbol provided","s":"error"}},"timestamp":"2025-10-21 17:51:46,845+0530","service":"FyersAPI"}
{"level":"ERROR","location":"[get_call:146] fyersModel","message":{"API":"/history","Error":{"code":-300,"message":"Invalid symbol provided","s":"error"}},"timestamp":"2025-10-21 17:53:01,182+0530","service":"FyersAPI"}
{"level":"ERROR","location":"[get_call:146] fyersModel","message":{"API":"/history","Error":{"code":-300,"message":"Invalid symbol provided","s":"error"}},"timestamp":"2025-10-21 17:56:57,588+0530","service":"FyersAPI"}
{"level":"ERROR","location":"[get_call:146] fyersModel","message":{"API":"/history","Error":{"code":-300,"message":"Invalid symbol provided","s":"error"}},"timestamp":"2025-10-21 17:57:05,616+0530","service":"FyersAPI"}
{"level":"ERROR","location":"[get_call:146] fyersModel","message":{"API":"/history","Error":{"code":-300,"message":"Invalid symbol provided","s":"error"}},"timestamp":"2025-10-21 17:58:02,448+0530","service":"FyersAPI"}
{"level":"ERROR","location":"[get_call:146] fyersModel","message":{"API":"/history","Error":{"code":-300,"message":"Invalid symbol provided","s":"error"}},"timestamp":"2025-10-21 17:59:10,596+0530","service":"FyersAPI"}
{"level":"ERROR","location":"[get_call:146] fyersModel","message":{"API":"/history","Error":{"code":-300,"message":"Invalid symbol provided","s":"error"}},"timestamp":"2025-10-21 19:13:53,018+0530","service":"FyersAPI"}
{"level":"ERROR","location":"[get_call:146] fyersModel","message":{"API":"/history","Error":{"code":-300,"message":"Invalid symbol provided","s":"error"}},"timestamp":"2025-10-21 19:24:46,664+0530","service":"FyersAPI"}
{"level":"ERROR","location":"[get_call:146] fyersModel","message":{"API":"/quotes","Error":{"message":"request limit reached","code":429,"s":"error"}},"timestamp":"2025-10-21 19:24:57,521+0530","service":"FyersAPI"}
{"level":"ERROR","location":"[get_call:146] fyersModel","message":{"API":"/quotes","Error":{"message":"request limit reached","code":429,"s":"error"}},"timestamp":"2025-10-21 19:24:57,637+0530","service":"FyersAPI"}
{"level":"ERROR","location":"[get_call:146] fyersModel","message":{"API":"/quotes","Error":{"message":"request limit reached","code":429,"s":"error"}},"timestamp":"2025-10-21 19:24:57,687+0530","service":"FyersAPI"}
{"level":"ERROR","location":"[get_call:146] fyersModel","message":{"API":"/quotes","Error":{"message":"request limit reached","code":429,"s":"error"}},"timestamp":"2025-10-21 19:24:58,421+0530","service":"FyersAPI"}
{"level":"ERROR","location":"[get_call:146] fyersModel","message":{"API":"/quotes","Error":{"message":"request limit reached","code":429,"s":"error"}},"timestamp":"2025-10-21 19:24:58,520+0530","service":"FyersAPI"}
{"level":"ERROR","location":"[get_call:146] fyersModel","message":{"API":"/quotes","Error":{"message":"request limit reached","code":429,"s":"error"}},"timestamp":"2025-10-21 19:24:58,653+0530","service":"FyersAPI"}
{"level":"ERROR","location":"[get_call:146] fyersModel","message":{"API":"/history","Error":{"code":-300,"message":"Invalid symbol provided","s":"error"}},"timestamp":"2025-10-21 19:36:48,014+0530","service":"FyersAPI"}
{"level":"ERROR","location":"[get_call:146] fyersModel","message":{"API":"/history","Error":{"code":-300,"message":"Invalid symbol provided","s":"error"}},"timestamp":"2025-10-21 19:43:02,646+0530","service":"FyersAPI"}
{"level":"ERROR","location":"[get_call:146] fyersModel","message":{"API":"/profile","Error":{"s":"error","code":-8,"message":"Your token has expired. Please generate a token"}},"timestamp":"2025-10-22 09:33:40,788+0530","service":"FyersAPI"}
{"level":"ERROR","location":"[get_call:146] fyersModel","message":{"API":"/profile","Error":{"s":"error","code":-8,"message":"Your token has expired. Please generate a token"}},"timestamp":"2025-10-22 09:33:40,795+0530","service":"FyersAPI"}
{"level":"ERROR","location":"[get_call:146] fyersModel","message":{"API":"/profile","Error":{"s":"error","code":-8,"message":"Your token has expired. Please generate a token"}},"timestamp":"2025-10-22 09:33:40,831+0530","service":"FyersAPI"}
{"level":"ERROR","location":"[get_call:146] fyersModel","message":{"API":"/profile","Error":{"s":"error","code":-8,"message":"Your token has expired. Please generate a token"}},"timestamp":"2025-10-22 09:33:49,350+0530","service":"FyersAPI"}
{"level":"ERROR","location":"[get_call:146] fyersModel","message":{"API":"/profile","Error":{"s":"error","code":-8,"message":"Your token has expired. Please generate a token"}},"timestamp":"2025-10-22 09:33:49,357+0530","service":"FyersAPI"}
{"level":"ERROR","location":"[get_call:146] fyersModel","message":{"API":"/profile","Error":{"s":"error","code":-8,"message":"Your token has expired. Please generate a token"}},"timestamp":"2025-10-22 09:34:04,975+0530","service":"FyersAPI"}
{"level":"ERROR","location":"[get_call:146] fyersModel","message":{"API":"/quotes","Error":{"message":"Please provide valid token","code":-15,"s":"error"}},"timestamp":"2025-10-22 09:34:53,781+0530","service":"FyersAPI"}
{"level":"ERROR","location":"[get_call:146] fyersModel","message":{"API":"/history","Error":{"code":-16,"message":"Could not authenticate the user","s":"error"}},"timestamp":"2025-10-22 09:34:53,909+0530","service":"FyersAPI"}
{"level":"ERROR","location":"[get_call:146] fyersModel","message":{"API":"/quotes","Error":{"message":"Please provide valid token","code":-15,"s":"error"}},"timestamp":"2025-10-22 09:34:54,072+0530","service":"FyersAPI"}
{"level":"ERROR","location":"[get_call:146] fyersModel","message":{"API":"/quotes","Error":{"message":"Please provide valid token","code":-15,"s":"error"}},"timestamp":"2025-10-22 09:34:54,193+0530","service":"FyersAPI"}
{"level":"ERROR","location":"[get_call:146] fyersModel","message":{"API":"/quotes","Error":{"message":"Please provide valid token","code":-15,"s":"error"}},"timestamp":"2025-10-22 09:34:54,348+0530","service":"FyersAPI"}
{"level":"ERROR","location":"[get_call:146] fyersModel","message":{"API":"/quotes","Error":{"message":"Please provide valid token","code":-15,"s":"error"}},"timestamp":"2025-10-22 09:34:54,503+0530","service":"FyersAPI"}
{"level":"ERROR","location":"[get_call:146] fyersModel","message":{"API":"/quotes","Error":{"message":"Please provide valid token","code":-15,"s":"error"}},"timestamp":"2025-10-22 09:34:54,667+0530","service":"FyersAPI"}
{"level":"ERROR","location":"[get_call:146] fyersModel","message":{"API":"/quotes","Error":{"message":"Please provide valid token","code":-15,"s":"error"}},"timestamp":"2025-10-22 09:34:54,820+0530","service":"FyersAPI"}
{"level":"ERROR","location":"[get_call:146] fyersModel","message":{"API":"/quotes","Error":{"message":"Please provide valid token","code":-15,"s":"error"}},"timestamp":"2025-10-22 09:34:54,970+0530","service":"FyersAPI"}
{"level":"ERROR","location":"[get_call:146] fyersModel","message":{"API":"/quotes","Error":{"message":"Please provide valid token","code":-15,"s":"error"}},"timestamp":"2025-10-22 09:34:55,154+0530","service":"FyersAPI"}
{"level":"ERROR","location":"[get_call:164] fyersModel","message":{"API":"/quotes","error":"Expecting value: line 1 column 1 (char 0)"},"timestamp":"2025-10-22 09:34:55,295+0530","service":"FyersAPI"}
{"level":"ERROR","location":"[get_call:164] fyersModel","message":{"API":"/quotes","error":"Expecting value: line 1 column 1 (char 0)"},"timestamp":"2025-10-22 09:34:55,422+0530","service":"FyersAPI"}
{"level":"ERROR","location":"[get_call:164] fyersModel","message":{"API":"/quotes","error":"Expecting value: line 1 column 1 (char 0)"},"timestamp":"2025-10-22 09:34:55,546+0530","service":"FyersAPI"}
{"level":"ERROR","location":"[get_call:164] fyersModel","message":{"API":"/quotes","error":"Expecting value: line 1 column 1 (char 0)"},"timestamp":"2025-10-22 09:34:55,670+0530","service":"FyersAPI"}
{"level":"ERROR","location":"[get_call:164] fyersModel","message":{"API":"/quotes","error":"Expecting value: line 1 column 1 (char 0)"},"timestamp":"2025-10-22 09:34:55,789+0530","service":"FyersAPI"}
{"level":"ERROR","location":"[get_call:164] fyersModel","message":{"API":"/quotes","error":"Expecting value: line 1 column 1 (char 0)"},"timestamp":"2025-10-22 09:34:55,954+0530","service":"FyersAPI"}
{"level":"ERROR","location":"[get_call:164] fyersModel","message":{"API":"/quotes","error":"Expecting value: line 1 column 1 (char 0)"},"timestamp":"2025-10-22 09:34:56,066+0530","service":"FyersAPI"}
{"level":"ERROR","location":"[get_call:164] fyersModel","message":{"API":"/quotes","error":"Expecting value: line 1 column 1 (char 0)"},"timestamp":"2025-10-22 09:34:56,618+0530","service":"FyersAPI"}
{"level":"ERROR","location":"[get_call:164] fyersModel","message":{"API":"/quotes","error":"Expecting value: line 1 column 1 (char 0)"},"timestamp":"2025-10-22 09:35:01,757+0530","service":"FyersAPI"}
{"level":"ERROR","location":"[get_call:164] fyersModel","message":{"API":"/quotes","error":"Expecting value: line 1 column 1 (char 0)"},"timestamp":"2025-10-22 09:35:06,915+0530","service":"FyersAPI"}
{"level":"ERROR","location":"[get_call:164] fyersModel","message":{"API":"/quotes","error":"Expecting value: line 1 column 1 (char 0)"},"timestamp":"2025-10-22 09:35:12,042+0530","service":"FyersAPI"}
{"level":"ERROR","location":"[get_call:164] fyersModel","message":{"API":"/quotes","error":"Expecting value: line 1 column 1 (char 0)"},"timestamp":"2025-10-22 09:35:17,187+0530","service":"FyersAPI"}
{"level":"ERROR","location":"[get_call:164] fyersModel","message":{"API":"/quotes","error":"Expecting value: line 1 column 1 (char 0)"},"timestamp":"2025-10-22 09:35:22,311+0530","service":"FyersAPI"}
{"level":"ERROR","location":"[get_call:164] fyersModel","message":{"API":"/quotes","error":"Expecting value: line 1 column 1 (char 0)"},"timestamp":"2025-10-22 09:35:27,433+0530","service":"FyersAPI"}
{"level":"ERROR","location":"[get_call:164] fyersModel","message":{"API":"/quotes","error":"Expecting value: line 1 column 1 (char 0)"},"timestamp":"2025-10-22 09:35:32,567+0530","service":"FyersAPI"}
{"level":"ERROR","location":"[get_call:164] fyersModel","message":{"API":"/quotes","error":"Expecting value: line 1 column 1 (char 0)"},"timestamp":"2025-10-22 09:35:37,722+0530","service":"FyersAPI"}
{"level":"ERROR","location":"[get_call:146] fyersModel","message":{"API":"/history","Error":{"code":-16,"message":"Could not authenticate the user","s":"error"}},"timestamp":"2025-10-22 09:35:57,963+0530","service":"FyersAPI"}
{"level":"ERROR","location":"[get_call:164] fyersModel","message":{"API":"/quotes","error":"Expecting value: line 1 column 1 (char 0)"},"timestamp":"2025-10-22 09:35:58,071+0530","service":"FyersAPI"}
{"level":"ERROR","location":"[get_call:146] fyersModel","message":{"API":"/history","Error":{"code":-16,"message":"Could not authenticate the user","s":"error"}},"timestamp":"2025-10-22 09:36:59,637+0530","service":"FyersAPI"}
{"level":"ERROR","location":"[get_call:164] fyersModel","message":{"API":"/quotes","error":"Expecting value: line 1 column 1 (char 0)"},"timestamp":"2025-10-22 09:36:59,760+0530","service":"FyersAPI"}
{"level":"ERROR","location":"[get_call:146] fyersModel","message":{"API":"/history","Error":{"code":-16,"message":"Could not authenticate the user","s":"error"}},"timestamp":"2025-10-22 09:38:02,000+0530","service":"FyersAPI"}
{"level":"ERROR","location":"[get_call:164] fyersModel","message":{"API":"/quotes","error":"Expecting value: line 1 column 1 (char 0)"},"timestamp":"2025-10-22 09:38:02,100+0530","service":"FyersAPI"}
{"level":"ERROR","location":"[get_async_call:368] fyersModel","message":{"Api":"/history","Response":{"code":-300,"message":"Invalid symbol provided","s":"error"}},"timestamp":"2025-10-23 15:06:53,565+0530","service":"FyersAPI"}
{"level":"ERROR","location":"[get_async_call:368] fyersModel","message":{"Api":"/history","Response":{"code":-300,"message":"Invalid symbol provided","s":"error"}},"timestamp":"2025-10-23 15:07:00,282+0530","service":"FyersAPI"}
{"level":"ERROR","location":"[get_async_call:368] fyersModel","message":{"Api":"/history","Response":{"code":-300,"message":"Invalid symbol provided","s":"error"}},"timestamp":"2025-10-23 15:07:11,999+0530","service":"FyersAPI"}
{"level":"ERROR","location":"[get_async_call:368] fyersModel","message":{"Api":"/history","Response":{"code":-300,"message":"Invalid symbol provided","s":"error"}},"timestamp":"2025-10-23 15:07:18,516+0530","service":"FyersAPI"}
{"level":"ERROR","location":"[get_async_call:368] fyersModel","message":{"Api":"/history","Response":{"code":-300,"message":"Invalid symbol provided","s":"error"}},"timestamp":"2025-10-23 15:07:25,680+0530","service":"FyersAPI"}
{"level":"ERROR","location":"[get_async_call:368] fyersModel","message":{"Api":"/history","Response":{"code":-300,"message":"Invalid symbol provided","s":"error"}},"timestamp":"2025-10-23 15:07:32,117+0530","service":"FyersAPI"}
{"level":"ERROR","location":"[get_async_call:368] fyersModel","message":{"Api":"/history","Response":{"code":-300,"message":"Invalid symbol provided","s":"error"}},"timestamp":"2025-10-23 21:14:54,443+0530","service":"FyersAPI"}
{"level":"ERROR","location":"[get_async_call:368] fyersModel","message":{"Api":"/history","Response":{"code":-300,"message":"Invalid symbol provided","s":"error"}},"timestamp":"2025-10-23 21:15:17,833+0530","service":"FyersAPI"}
{"level":"ERROR","location":"[get_async_call:386] fyersModel","message":{"API":"/history","error":"cannot schedule new futures after shutdown"},"timestamp":"2025-10-24 12:54:14,796+0530","service":"FyersAPI"}
{"level":"ERROR","location":"[get_async_call:386] fyersModel","message":{"API":"/quotes","error":"cannot schedule new futures after shutdown"},"timestamp":"2025-10-24 12:54:14,800+0530","service":"FyersAPI"}
{"level":"ERROR","location":"[get_async_call:368] fyersModel","message":{"Api":"/history","Response":{"code":-300,"message":"Invalid symbol provided","s":"error"}},"timestamp":"2025-10-24 13:17:36,824+0530","service":"FyersAPI"}
{"level":"ERROR","location":"[get_async_call:368] fyersModel","message":{"Api":"/history","Response":{"code":-300,"message":"Invalid symbol provided","s":"error"}},"timestamp":"2025-10-24 13:21:50,718+0530","service":"FyersAPI"}
{"level":"ERROR","location":"[get_async_call:368] fyersModel","message":{"Api":"/history","Response":{"code":-300,"message":"Invalid symbol provided","s":"error"}},"timestamp":"2025-10-24 13:25:56,393+0530","service":"FyersAPI"}
{"level":"ERROR","location":"[get_async_call:386] fyersModel","message":{"API":"/history","error":"Server disconnected"},"timestamp":"2025-10-24 13:31:18,594+0530","service":"FyersAPI"}
{"level":"ERROR","location":"[get_async_call:386] fyersModel","message":{"API":"/history","error":"Server disconnected"},"timestamp":"2025-10-24 13:31:29,215+0530","service":"FyersAPI"}
{"level":"ERROR","location":"[get_async_call:386] fyersModel","message":{"API":"/history","error":"Server disconnected"},"timestamp":"2025-10-24 13:31:29,217+0530","service":"FyersAPI"}
{"level":"ERROR","location":"[get_async_call:386] fyersModel","message":{"API":"/history","error":"Server disconnected"},"timestamp":"2025-10-24 13:31:40,916+0530","service":"FyersAPI"}
{"level":"ERROR","location":"[get_async_call:386] fyersModel","message":{"API":"/history","error":"Server disconnected"},"timestamp":"2025-10-24 13:31:52,300+0530","service":"FyersAPI"}
{"level":"ERROR","location":"[get_async_call:386] fyersModel","message":{"API":"/history","error":"Server disconnected"},"timestamp":"2025-10-24 13:31:52,306+0530","service":"FyersAPI"}
{"level":"ERROR","location":"[get_async_call:386] fyersModel","message":{"API":"/quotes","error":"Server disconnected"},"timestamp":"2025-10-24 13:31:52,309+0530","service":"FyersAPI"}
{"level":"ERROR","location":"[get_async_call:368] fyersModel","message":{"Api":"/history","Response":{"code":-300,"message":"Invalid symbol provided","s":"error"}},"timestamp":"2025-10-24 13:32:48,782+0530","service":"FyersAPI"}
{"level":"ERROR","location":"[get_async_call:386] fyersModel","message":{"API":"/history","error":"cannot schedule new futures after shutdown"},"timestamp":"2025-10-24 14:16:06,344+0530","service":"FyersAPI"}
{"level":"ERROR","location":"[get_async_call:386] fyersModel","message":{"API":"/quotes","error":"cannot schedule new futures after shutdown"},"timestamp":"2025-10-24 14:16:06,347+0530","service":"FyersAPI"}
{"level":"ERROR","location":"[get_async_call:386] fyersModel","message":{"API":"/history","error":"cannot schedule new futures after shutdown"},"timestamp":"2025-10-24 14:35:31,465+0530","service":"FyersAPI"}
{"level":"ERROR","location":"[get_async_call:386] fyersModel","message":{"API":"/quotes","error":"cannot schedule new futures after shutdown"},"timestamp":"2025-10-24 14:35:31,467+0530","service":"FyersAPI"}
